[ceph-admin][DEBUG ] Setting up libcephfs2 (12.2.8-0ubuntu0.18.04.2) ...
[ceph-admin][DEBUG ] Setting up python-cephfs (12.2.8-0ubuntu0.18.04.2) ...
[ceph-admin][DEBUG ] Setting up python-prettytable (0.7.2-3) ...
[ceph-admin][DEBUG ] Setting up libpython2.7:amd64 (2.7.15~rc1-1ubuntu0.1) ...
[ceph-admin][DEBUG ] Setting up python-rados (12.2.8-0ubuntu0.18.04.2) ...
[ceph-admin][DEBUG ] Setting up python-rbd (12.2.8-0ubuntu0.18.04.2) ...
[ceph-admin][DEBUG ] Setting up python-certifi (2018.1.18-2) ...
[ceph-admin][DEBUG ] Setting up python-chardet (3.0.4-1) ...
[ceph-admin][DEBUG ] Setting up python-idna (2.6-1) ...
[ceph-admin][DEBUG ] Setting up python-six (1.11.0-2) ...
[ceph-admin][DEBUG ] Setting up python-urllib3 (1.22-1) ...
[ceph-admin][DEBUG ] Setting up python-requests (2.18.4-2ubuntu0.1) ...
[ceph-admin][DEBUG ] Setting up libdw1:amd64 (0.170-0.4) ...
[ceph-admin][DEBUG ] Setting up libbabeltrace1:amd64 (1.5.5-1) ...
[ceph-admin][DEBUG ] Setting up libtcmalloc-minimal4 (2.5-2.2ubuntu3) ...
[ceph-admin][DEBUG ] Setting up libgoogle-perftools4 (2.5-2.2ubuntu3) ...
[ceph-admin][DEBUG ] Setting up libradosstriper1 (12.2.8-0ubuntu0.18.04.2) ...
[ceph-admin][DEBUG ] Setting up libsnappy1v5:amd64 (1.1.7-1) ...
[ceph-admin][DEBUG ] Setting up ceph-common (12.2.8-0ubuntu0.18.04.2) ...
[ceph-admin][DEBUG ] Created symlink /etc/systemd/system/multi-user.target.wants/ceph.target → /lib/systemd/system/ceph.target.
[ceph-admin][DEBUG ] Selecting previously unselected package ceph-osd.
(Reading database ... 66913 files and directories currently installed.)
[ceph-admin][DEBUG ] Preparing to unpack .../00-ceph-osd_12.2.8-0ubuntu0.18.04.2_amd64.deb ...
[ceph-admin][DEBUG ] Unpacking ceph-osd (12.2.8-0ubuntu0.18.04.2) ...
[ceph-admin][DEBUG ] Selecting previously unselected package python-cherrypy3.
[ceph-admin][DEBUG ] Preparing to unpack .../01-python-cherrypy3_8.9.1-2_all.deb ...
[ceph-admin][DEBUG ] Unpacking python-cherrypy3 (8.9.1-2) ...
[ceph-admin][DEBUG ] Selecting previously unselected package python-markupsafe.
[ceph-admin][DEBUG ] Preparing to unpack .../02-python-markupsafe_1.0-1build1_amd64.deb ...
[ceph-admin][DEBUG ] Unpacking python-markupsafe (1.0-1build1) ...
[ceph-admin][DEBUG ] Selecting previously unselected package python-jinja2.
[ceph-admin][DEBUG ] Preparing to unpack .../03-python-jinja2_2.10-1_all.deb ...
[ceph-admin][DEBUG ] Unpacking python-jinja2 (2.10-1) ...
[ceph-admin][DEBUG ] Selecting previously unselected package python-asn1crypto.
[ceph-admin][DEBUG ] Preparing to unpack .../04-python-asn1crypto_0.24.0-1_all.deb ...
[ceph-admin][DEBUG ] Unpacking python-asn1crypto (0.24.0-1) ...
[ceph-admin][DEBUG ] Selecting previously unselected package python-cffi-backend.
[ceph-admin][DEBUG ] Preparing to unpack .../05-python-cffi-backend_1.11.5-1_amd64.deb ...
[ceph-admin][DEBUG ] Unpacking python-cffi-backend (1.11.5-1) ...
[ceph-admin][DEBUG ] Selecting previously unselected package python-enum34.
[ceph-admin][DEBUG ] Preparing to unpack .../06-python-enum34_1.1.6-2_all.deb ...
[ceph-admin][DEBUG ] Unpacking python-enum34 (1.1.6-2) ...
[ceph-admin][DEBUG ] Selecting previously unselected package python-ipaddress.
[ceph-admin][DEBUG ] Preparing to unpack .../07-python-ipaddress_1.0.17-1_all.deb ...
[ceph-admin][DEBUG ] Unpacking python-ipaddress (1.0.17-1) ...
[ceph-admin][DEBUG ] Selecting previously unselected package python-cryptography.
[ceph-admin][DEBUG ] Preparing to unpack .../08-python-cryptography_2.1.4-1ubuntu1.2_amd64.deb ...
[ceph-admin][DEBUG ] Unpacking python-cryptography (2.1.4-1ubuntu1.2) ...
[ceph-admin][DEBUG ] Selecting previously unselected package python-openssl.
[ceph-admin][DEBUG ] Preparing to unpack .../09-python-openssl_17.5.0-1ubuntu1_all.deb ...
[ceph-admin][DEBUG ] Unpacking python-openssl (17.5.0-1ubuntu1) ...
[ceph-admin][DEBUG ] Selecting previously unselected package python-logutils.
[ceph-admin][DEBUG ] Preparing to unpack .../10-python-logutils_0.3.3-5_all.deb ...
[ceph-admin][DEBUG ] Unpacking python-logutils (0.3.3-5) ...
[ceph-admin][DEBUG ] Selecting previously unselected package python-mako.
[ceph-admin][DEBUG ] Preparing to unpack .../11-python-mako_1.0.7+ds1-1_all.deb ...
[ceph-admin][DEBUG ] Unpacking python-mako (1.0.7+ds1-1) ...
[ceph-admin][DEBUG ] Selecting previously unselected package python-simplegeneric.
[ceph-admin][DEBUG ] Preparing to unpack .../12-python-simplegeneric_0.8.1-1_all.deb ...
[ceph-admin][DEBUG ] Unpacking python-simplegeneric (0.8.1-1) ...
[ceph-admin][DEBUG ] Selecting previously unselected package python-singledispatch.
[ceph-admin][DEBUG ] Preparing to unpack .../13-python-singledispatch_3.4.0.3-2_all.deb ...
[ceph-admin][DEBUG ] Unpacking python-singledispatch (3.4.0.3-2) ...
[ceph-admin][DEBUG ] Selecting previously unselected package python-simplejson.
[ceph-admin][DEBUG ] Preparing to unpack .../14-python-simplejson_3.13.2-1_amd64.deb ...
[ceph-admin][DEBUG ] Unpacking python-simplejson (3.13.2-1) ...
[ceph-admin][DEBUG ] Selecting previously unselected package python-webob.
[ceph-admin][DEBUG ] Preparing to unpack .../15-python-webob_1%3a1.7.3-2fakesync1_all.deb ...
[ceph-admin][DEBUG ] Unpacking python-webob (1:1.7.3-2fakesync1) ...
[ceph-admin][DEBUG ] Selecting previously unselected package python-bs4.
[ceph-admin][DEBUG ] Preparing to unpack .../16-python-bs4_4.6.0-1_all.deb ...
[ceph-admin][DEBUG ] Unpacking python-bs4 (4.6.0-1) ...
[ceph-admin][DEBUG ] Selecting previously unselected package python-waitress.
[ceph-admin][DEBUG ] Preparing to unpack .../17-python-waitress_1.0.1-1_all.deb ...
[ceph-admin][DEBUG ] Unpacking python-waitress (1.0.1-1) ...
[ceph-admin][DEBUG ] Selecting previously unselected package python-dnspython.
[ceph-admin][DEBUG ] Preparing to unpack .../18-python-dnspython_1.15.0-1_all.deb ...
[ceph-admin][DEBUG ] Unpacking python-dnspython (1.15.0-1) ...
[ceph-admin][DEBUG ] Selecting previously unselected package formencode-i18n.
[ceph-admin][DEBUG ] Preparing to unpack .../19-formencode-i18n_1.3.0-0ubuntu5_all.deb ...
[ceph-admin][DEBUG ] Unpacking formencode-i18n (1.3.0-0ubuntu5) ...
[ceph-admin][DEBUG ] Selecting previously unselected package python-formencode.
[ceph-admin][DEBUG ] Preparing to unpack .../20-python-formencode_1.3.0-0ubuntu5_all.deb ...
[ceph-admin][DEBUG ] Unpacking python-formencode (1.3.0-0ubuntu5) ...
[ceph-admin][DEBUG ] Selecting previously unselected package python-tempita.
[ceph-admin][DEBUG ] Preparing to unpack .../21-python-tempita_0.5.2-2_all.deb ...
[ceph-admin][DEBUG ] Unpacking python-tempita (0.5.2-2) ...
[ceph-admin][DEBUG ] Selecting previously unselected package python-paste.
[ceph-admin][DEBUG ] Preparing to unpack .../22-python-paste_2.0.3+dfsg-4ubuntu1_all.deb ...
[ceph-admin][DEBUG ] Unpacking python-paste (2.0.3+dfsg-4ubuntu1) ...
[ceph-admin][DEBUG ] Selecting previously unselected package python-pastedeploy-tpl.
[ceph-admin][DEBUG ] Preparing to unpack .../23-python-pastedeploy-tpl_1.5.2-4_all.deb ...
[ceph-admin][DEBUG ] Unpacking python-pastedeploy-tpl (1.5.2-4) ...
[ceph-admin][DEBUG ] Selecting previously unselected package python-pastedeploy.
[ceph-admin][DEBUG ] Preparing to unpack .../24-python-pastedeploy_1.5.2-4_all.deb ...
[ceph-admin][DEBUG ] Unpacking python-pastedeploy (1.5.2-4) ...
[ceph-admin][DEBUG ] Selecting previously unselected package python-webtest.
[ceph-admin][DEBUG ] Preparing to unpack .../25-python-webtest_2.0.28-1ubuntu1_all.deb ...
[ceph-admin][DEBUG ] Unpacking python-webtest (2.0.28-1ubuntu1) ...
[ceph-admin][DEBUG ] Selecting previously unselected package python-pecan.
[ceph-admin][DEBUG ] Preparing to unpack .../26-python-pecan_1.2.1-2_all.deb ...
[ceph-admin][DEBUG ] Unpacking python-pecan (1.2.1-2) ...
[ceph-admin][DEBUG ] Selecting previously unselected package libjs-jquery.
[ceph-admin][DEBUG ] Preparing to unpack .../27-libjs-jquery_3.2.1-1_all.deb ...
[ceph-admin][DEBUG ] Unpacking libjs-jquery (3.2.1-1) ...
[ceph-admin][DEBUG ] Selecting previously unselected package python-werkzeug.
[ceph-admin][DEBUG ] Preparing to unpack .../28-python-werkzeug_0.14.1+dfsg1-1_all.deb ...
[ceph-admin][DEBUG ] Unpacking python-werkzeug (0.14.1+dfsg1-1) ...
[ceph-admin][DEBUG ] Selecting previously unselected package ceph-mgr.
[ceph-admin][DEBUG ] Preparing to unpack .../29-ceph-mgr_12.2.8-0ubuntu0.18.04.2_amd64.deb ...
[ceph-admin][DEBUG ] Unpacking ceph-mgr (12.2.8-0ubuntu0.18.04.2) ...
[ceph-admin][DEBUG ] Selecting previously unselected package ceph-mon.
[ceph-admin][DEBUG ] Preparing to unpack .../30-ceph-mon_12.2.8-0ubuntu0.18.04.2_amd64.deb ...
[ceph-admin][DEBUG ] Unpacking ceph-mon (12.2.8-0ubuntu0.18.04.2) ...
[ceph-admin][DEBUG ] Selecting previously unselected package ceph.
[ceph-admin][DEBUG ] Preparing to unpack .../31-ceph_12.2.8-0ubuntu0.18.04.2_amd64.deb ...
[ceph-admin][DEBUG ] Unpacking ceph (12.2.8-0ubuntu0.18.04.2) ...
[ceph-admin][DEBUG ] Selecting previously unselected package ceph-mds.
[ceph-admin][DEBUG ] Preparing to unpack .../32-ceph-mds_12.2.8-0ubuntu0.18.04.2_amd64.deb ...
[ceph-admin][DEBUG ] Unpacking ceph-mds (12.2.8-0ubuntu0.18.04.2) ...
[ceph-admin][DEBUG ] Selecting previously unselected package librgw2.
[ceph-admin][DEBUG ] Preparing to unpack .../33-librgw2_12.2.8-0ubuntu0.18.04.2_amd64.deb ...
[ceph-admin][DEBUG ] Unpacking librgw2 (12.2.8-0ubuntu0.18.04.2) ...
[ceph-admin][DEBUG ] Selecting previously unselected package radosgw.
[ceph-admin][DEBUG ] Preparing to unpack .../34-radosgw_12.2.8-0ubuntu0.18.04.2_amd64.deb ...
[ceph-admin][DEBUG ] Unpacking radosgw (12.2.8-0ubuntu0.18.04.2) ...
[ceph-admin][DEBUG ] Setting up python-dnspython (1.15.0-1) ...
[ceph-admin][DEBUG ] Setting up python-simplejson (3.13.2-1) ...
[ceph-admin][DEBUG ] Setting up libjs-jquery (3.2.1-1) ...
[ceph-admin][DEBUG ] Setting up python-asn1crypto (0.24.0-1) ...
[ceph-admin][DEBUG ] Setting up python-simplegeneric (0.8.1-1) ...
[ceph-admin][DEBUG ] Processing triggers for ureadahead (0.100.0-20) ...
[ceph-admin][DEBUG ] Setting up librgw2 (12.2.8-0ubuntu0.18.04.2) ...
[ceph-admin][DEBUG ] Setting up formencode-i18n (1.3.0-0ubuntu5) ...
[ceph-admin][DEBUG ] Setting up python-webob (1:1.7.3-2fakesync1) ...
[ceph-admin][DEBUG ] Setting up python-waitress (1.0.1-1) ...
[ceph-admin][DEBUG ] update-alternatives: using /usr/bin/waitress-serve-python2 to provide /usr/bin/waitress-serve (waitress-serve) in auto mode
[ceph-admin][DEBUG ] Setting up libleveldb1v5:amd64 (1.20-2) ...
[ceph-admin][DEBUG ] Setting up python-markupsafe (1.0-1build1) ...
[ceph-admin][DEBUG ] Setting up python-werkzeug (0.14.1+dfsg1-1) ...
[ceph-admin][DEBUG ] Setting up python-cffi-backend (1.11.5-1) ...
[ceph-admin][DEBUG ] Processing triggers for libc-bin (2.27-3ubuntu1) ...
[ceph-admin][DEBUG ] Setting up python-bs4 (4.6.0-1) ...
[ceph-admin][DEBUG ] Setting up libaio1:amd64 (0.3.110-5) ...
[ceph-admin][DEBUG ] Setting up ceph-base (12.2.8-0ubuntu0.18.04.2) ...
[ceph-admin][DEBUG ] Setting up python-mako (1.0.7+ds1-1) ...
[ceph-admin][DEBUG ] Setting up python-enum34 (1.1.6-2) ...
[ceph-admin][DEBUG ] Processing triggers for systemd (237-3ubuntu10.13) ...
[ceph-admin][DEBUG ] Processing triggers for man-db (2.8.3-2ubuntu0.1) ...
[ceph-admin][DEBUG ] Setting up python-singledispatch (3.4.0.3-2) ...
[ceph-admin][DEBUG ] Setting up python-pastedeploy-tpl (1.5.2-4) ...
[ceph-admin][DEBUG ] Setting up python-tempita (0.5.2-2) ...
[ceph-admin][DEBUG ] Setting up python-ipaddress (1.0.17-1) ...
[ceph-admin][DEBUG ] Setting up python-cherrypy3 (8.9.1-2) ...
[ceph-admin][DEBUG ] Setting up python-logutils (0.3.3-5) ...
[ceph-admin][DEBUG ] Setting up radosgw (12.2.8-0ubuntu0.18.04.2) ...
[ceph-admin][DEBUG ] Created symlink /etc/systemd/system/multi-user.target.wants/ceph-radosgw.target → /lib/systemd/system/ceph-radosgw.target.
[ceph-admin][DEBUG ] Created symlink /etc/systemd/system/ceph.target.wants/ceph-radosgw.target → /lib/systemd/system/ceph-radosgw.target.
[ceph-admin][DEBUG ] Setting up python-formencode (1.3.0-0ubuntu5) ...
[ceph-admin][DEBUG ] Setting up ceph-osd (12.2.8-0ubuntu0.18.04.2) ...
[ceph-admin][DEBUG ] Created symlink /etc/systemd/system/multi-user.target.wants/ceph-osd.target → /lib/systemd/system/ceph-osd.target.
[ceph-admin][DEBUG ] Created symlink /etc/systemd/system/ceph.target.wants/ceph-osd.target → /lib/systemd/system/ceph-osd.target.
[ceph-admin][DEBUG ] Setting up python-jinja2 (2.10-1) ...
[ceph-admin][DEBUG ] Setting up python-paste (2.0.3+dfsg-4ubuntu1) ...
[ceph-admin][DEBUG ] Setting up ceph-mon (12.2.8-0ubuntu0.18.04.2) ...
[ceph-admin][DEBUG ] Created symlink /etc/systemd/system/multi-user.target.wants/ceph-mon.target → /lib/systemd/system/ceph-mon.target.
[ceph-admin][DEBUG ] Created symlink /etc/systemd/system/ceph.target.wants/ceph-mon.target → /lib/systemd/system/ceph-mon.target.
[ceph-admin][DEBUG ] Setting up python-cryptography (2.1.4-1ubuntu1.2) ...
[ceph-admin][DEBUG ] Setting up python-openssl (17.5.0-1ubuntu1) ...
[ceph-admin][DEBUG ] Setting up python-pastedeploy (1.5.2-4) ...
[ceph-admin][DEBUG ] Setting up python-webtest (2.0.28-1ubuntu1) ...
[ceph-admin][DEBUG ] Setting up python-pecan (1.2.1-2) ...
[ceph-admin][DEBUG ] update-alternatives: using /usr/bin/python2-pecan to provide /usr/bin/pecan (pecan) in auto mode
[ceph-admin][DEBUG ] update-alternatives: using /usr/bin/python2-gunicorn_pecan to provide /usr/bin/gunicorn_pecan (gunicorn_pecan) in auto mode
[ceph-admin][DEBUG ] Setting up ceph-mgr (12.2.8-0ubuntu0.18.04.2) ...
[ceph-admin][DEBUG ] Created symlink /etc/systemd/system/multi-user.target.wants/ceph-mgr.target → /lib/systemd/system/ceph-mgr.target.
[ceph-admin][DEBUG ] Created symlink /etc/systemd/system/ceph.target.wants/ceph-mgr.target → /lib/systemd/system/ceph-mgr.target.
[ceph-admin][DEBUG ] Setting up ceph (12.2.8-0ubuntu0.18.04.2) ...
[ceph-admin][DEBUG ] Setting up ceph-mds (12.2.8-0ubuntu0.18.04.2) ...
[ceph-admin][DEBUG ] Created symlink /etc/systemd/system/multi-user.target.wants/ceph-mds.target → /lib/systemd/system/ceph-mds.target.
[ceph-admin][DEBUG ] Created symlink /etc/systemd/system/ceph.target.wants/ceph-mds.target → /lib/systemd/system/ceph-mds.target.
[ceph-admin][DEBUG ] Processing triggers for libc-bin (2.27-3ubuntu1) ...
[ceph-admin][DEBUG ] Processing triggers for ureadahead (0.100.0-20) ...
[ceph-admin][DEBUG ] Processing triggers for systemd (237-3ubuntu10.13) ...
[ceph-admin][WARNIN] W: Problem unlinking the file /var/cache/apt/archives/partial/.apt-acquire-privs-test.CllHY0 - IsAccessibleBySandboxUser (26: Text file busy)
[ceph-admin][WARNIN] W: Problem unlinking the file /var/cache/apt/archives/partial/.apt-acquire-privs-test.GpoomE - IsAccessibleBySandboxUser (26: Text file busy)
[ceph-admin][WARNIN] W: Problem unlinking the file /var/cache/apt/archives/partial/.apt-acquire-privs-test.BdYsKh - IsAccessibleBySandboxUser (26: Text file busy)
[ceph-admin][WARNIN] W: Problem unlinking the file /var/cache/apt/archives/partial/.apt-acquire-privs-test.NswQ8U - IsAccessibleBySandboxUser (26: Text file busy)
[ceph-admin][WARNIN] W: Problem unlinking the file /var/cache/apt/archives/partial/.apt-acquire-privs-test.bVwxxy - IsAccessibleBySandboxUser (26: Text file busy)
[ceph-admin][WARNIN] W: Problem unlinking the file /var/cache/apt/archives/partial/.apt-acquire-privs-test.a9EvWb - IsAccessibleBySandboxUser (26: Text file busy)
[ceph-admin][WARNIN] W: Problem unlinking the file /var/cache/apt/archives/partial/.apt-acquire-privs-test.WJGKlP - IsAccessibleBySandboxUser (26: Text file busy)
[ceph-admin][WARNIN] W: Problem unlinking the file /var/cache/apt/archives/partial/.apt-acquire-privs-test.6OGRLs - IsAccessibleBySandboxUser (26: Text file busy)
[ceph-admin][WARNIN] W: Problem unlinking the file /var/cache/apt/archives/partial/.apt-acquire-privs-test.IsVgc6 - IsAccessibleBySandboxUser (26: Text file busy)
[ceph-admin][WARNIN] W: Problem unlinking the file /var/cache/apt/archives/partial/.apt-acquire-privs-test.aA5YCJ - IsAccessibleBySandboxUser (26: Text file busy)
[ceph-admin][WARNIN] W: Problem unlinking the file /var/cache/apt/archives/partial/.apt-acquire-privs-test.WOsZ3m - IsAccessibleBySandboxUser (26: Text file busy)
[ceph-admin][WARNIN] W: Problem unlinking the file /var/cache/apt/archives/partial/.apt-acquire-privs-test.UWbiv0 - IsAccessibleBySandboxUser (26: Text file busy)
[ceph-admin][WARNIN] W: Problem unlinking the file /var/cache/apt/archives/partial/.apt-acquire-privs-test.6VVTWD - IsAccessibleBySandboxUser (26: Text file busy)
[ceph-admin][WARNIN] W: Problem unlinking the file /var/cache/apt/archives/partial/.apt-acquire-privs-test.ubdOoh - IsAccessibleBySandboxUser (26: Text file busy)
[ceph-admin][WARNIN] W: Problem unlinking the file /var/cache/apt/archives/partial/.apt-acquire-privs-test.FBg2QU - IsAccessibleBySandboxUser (26: Text file busy)
[ceph-admin][WARNIN] W: Problem unlinking the file /var/cache/apt/archives/partial/.apt-acquire-privs-test.EdPzjy - IsAccessibleBySandboxUser (26: Text file busy)
[ceph-admin][WARNIN] W: Problem unlinking the file /var/cache/apt/archives/partial/.apt-acquire-privs-test.LWxnMb - IsAccessibleBySandboxUser (26: Text file busy)
[ceph-admin][WARNIN] W: Problem unlinking the file /var/cache/apt/archives/partial/.apt-acquire-privs-test.RqBtfP - IsAccessibleBySandboxUser (26: Text file busy)
[ceph-admin][WARNIN] W: Problem unlinking the file /var/cache/apt/archives/partial/.apt-acquire-privs-test.EHzOIs - IsAccessibleBySandboxUser (26: Text file busy)
[ceph-admin][WARNIN] W: Problem unlinking the file /var/cache/apt/archives/partial/.apt-acquire-privs-test.mqNrc6 - IsAccessibleBySandboxUser (26: Text file busy)
[ceph-admin][WARNIN] W: Problem unlinking the file /var/cache/apt/archives/partial/.apt-acquire-privs-test.sehkGJ - IsAccessibleBySandboxUser (26: Text file busy)
[ceph-admin][WARNIN] W: Problem unlinking the file /var/cache/apt/archives/partial/.apt-acquire-privs-test.qVusan - IsAccessibleBySandboxUser (26: Text file busy)
[ceph-admin][WARNIN] W: Problem unlinking the file /var/cache/apt/archives/partial/.apt-acquire-privs-test.tfyXE0 - IsAccessibleBySandboxUser (26: Text file busy)
[ceph-admin][WARNIN] W: Problem unlinking the file /var/cache/apt/archives/partial/.apt-acquire-privs-test.aN6M9D - IsAccessibleBySandboxUser (26: Text file busy)
[ceph-admin][WARNIN] W: Problem unlinking the file /var/cache/apt/archives/partial/.apt-acquire-privs-test.ScuVEh - IsAccessibleBySandboxUser (26: Text file busy)
[ceph-admin][WARNIN] W: Problem unlinking the file /var/cache/apt/archives/partial/.apt-acquire-privs-test.0OamaV - IsAccessibleBySandboxUser (26: Text file busy)
[ceph-admin][WARNIN] W: Problem unlinking the file /var/cache/apt/archives/partial/.apt-acquire-privs-test.E1P1Fy - IsAccessibleBySandboxUser (26: Text file busy)
[ceph-admin][WARNIN] W: Problem unlinking the file /var/cache/apt/archives/partial/.apt-acquire-privs-test.jl6Vbc - IsAccessibleBySandboxUser (26: Text file busy)
[ceph-admin][WARNIN] W: Problem unlinking the file /var/cache/apt/archives/partial/.apt-acquire-privs-test.uxo5HP - IsAccessibleBySandboxUser (26: Text file busy)
[ceph-admin][WARNIN] W: Problem unlinking the file /var/cache/apt/archives/partial/.apt-acquire-privs-test.KYDvet - IsAccessibleBySandboxUser (26: Text file busy)
[ceph-admin][WARNIN] W: Problem unlinking the file /var/cache/apt/archives/partial/.apt-acquire-privs-test.beTcL6 - IsAccessibleBySandboxUser (26: Text file busy)
[ceph-admin][WARNIN] W: Problem unlinking the file /var/cache/apt/archives/partial/.apt-acquire-privs-test.PFx9hK - IsAccessibleBySandboxUser (26: Text file busy)
[ceph-admin][WARNIN] W: Problem unlinking the file /var/cache/apt/archives/partial/.apt-acquire-privs-test.sBZlPn - IsAccessibleBySandboxUser (26: Text file busy)
[ceph-admin][WARNIN] W: Problem unlinking the file /var/cache/apt/archives/partial/.apt-acquire-privs-test.bR6Mm1 - IsAccessibleBySandboxUser (26: Text file busy)
[ceph-admin][WARNIN] W: Problem unlinking the file /var/cache/apt/archives/partial/.apt-acquire-privs-test.uBSsUE - IsAccessibleBySandboxUser (26: Text file busy)
[ceph-admin][WARNIN] W: Problem unlinking the file /var/cache/apt/archives/partial/.apt-acquire-privs-test.txSosi - IsAccessibleBySandboxUser (26: Text file busy)
[ceph-admin][WARNIN] W: Problem unlinking the file /var/cache/apt/archives/partial/.apt-acquire-privs-test.b51B0V - IsAccessibleBySandboxUser (26: Text file busy)
[ceph-admin][WARNIN] W: Problem unlinking the file /var/cache/apt/archives/partial/.apt-acquire-privs-test.epm4yz - IsAccessibleBySandboxUser (26: Text file busy)
[ceph-admin][WARNIN] W: Problem unlinking the file /var/cache/apt/archives/partial/.apt-acquire-privs-test.oUBK7c - IsAccessibleBySandboxUser (26: Text file busy)
[ceph-admin][WARNIN] W: Problem unlinking the file /var/cache/apt/archives/partial/.apt-acquire-privs-test.G5XHGQ - IsAccessibleBySandboxUser (26: Text file busy)
[ceph-admin][WARNIN] W: Problem unlinking the file /var/cache/apt/archives/partial/.apt-acquire-privs-test.cSfUfu - IsAccessibleBySandboxUser (26: Text file busy)
[ceph-admin][WARNIN] W: Problem unlinking the file /var/cache/apt/archives/partial/.apt-acquire-privs-test.qDUkP7 - IsAccessibleBySandboxUser (26: Text file busy)
[ceph-admin][WARNIN] W: Problem unlinking the file /var/cache/apt/archives/partial/.apt-acquire-privs-test.beuZoL - IsAccessibleBySandboxUser (26: Text file busy)
[ceph-admin][WARNIN] W: Problem unlinking the file /var/cache/apt/archives/partial/.apt-acquire-privs-test.GAcUYo - IsAccessibleBySandboxUser (26: Text file busy)
[ceph-admin][WARNIN] W: Problem unlinking the file /var/cache/apt/archives/partial/.apt-acquire-privs-test.SJi4y2 - IsAccessibleBySandboxUser (26: Text file busy)
[ceph-admin][WARNIN] W: Problem unlinking the file /var/cache/apt/archives/partial/.apt-acquire-privs-test.8okt9F - IsAccessibleBySandboxUser (26: Text file busy)
[ceph-admin][WARNIN] W: Problem unlinking the file /var/cache/apt/archives/partial/.apt-acquire-privs-test.DOL7Jj - IsAccessibleBySandboxUser (26: Text file busy)
[ceph-admin][WARNIN] W: Problem unlinking the file /var/cache/apt/archives/partial/.apt-acquire-privs-test.t1y2kX - IsAccessibleBySandboxUser (26: Text file busy)
[ceph-admin][WARNIN] W: Problem unlinking the file /var/cache/apt/archives/partial/.apt-acquire-privs-test.X6FbWA - IsAccessibleBySandboxUser (26: Text file busy)
[ceph-admin][WARNIN] W: Problem unlinking the file /var/cache/apt/archives/partial/.apt-acquire-privs-test.Hrwzxe - IsAccessibleBySandboxUser (26: Text file busy)
[ceph-admin][WARNIN] W: Problem unlinking the file /var/cache/apt/archives/partial/.apt-acquire-privs-test.XdYb9R - IsAccessibleBySandboxUser (26: Text file busy)
[ceph-admin][WARNIN] W: Problem unlinking the file /var/cache/apt/archives/partial/.apt-acquire-privs-test.1Pq2Kv - IsAccessibleBySandboxUser (26: Text file busy)
[ceph-admin][WARNIN] W: Problem unlinking the file /var/cache/apt/archives/partial/.apt-acquire-privs-test.xkB7m9 - IsAccessibleBySandboxUser (26: Text file busy)
[ceph-admin][WARNIN] W: Problem unlinking the file /var/cache/apt/archives/partial/.apt-acquire-privs-test.MUftZM - IsAccessibleBySandboxUser (26: Text file busy)
[ceph-admin][WARNIN] W: Problem unlinking the file /var/cache/apt/archives/partial/.apt-acquire-privs-test.8GW2Bq - IsAccessibleBySandboxUser (26: Text file busy)
[ceph-admin][WARNIN] W: Problem unlinking the file /var/cache/apt/archives/partial/.apt-acquire-privs-test.vMDQe4 - IsAccessibleBySandboxUser (26: Text file busy)
[ceph-admin][WARNIN] W: Problem unlinking the file /var/cache/apt/archives/partial/.apt-acquire-privs-test.LeUSRH - IsAccessibleBySandboxUser (26: Text file busy)
[ceph-admin][WARNIN] W: Problem unlinking the file /var/cache/apt/archives/partial/.apt-acquire-privs-test.wYravl - IsAccessibleBySandboxUser (26: Text file busy)
[ceph-admin][WARNIN] W: Problem unlinking the file /var/cache/apt/archives/partial/.apt-acquire-privs-test.gdPF8Y - IsAccessibleBySandboxUser (26: Text file busy)
[ceph-admin][WARNIN] W: Problem unlinking the file /var/cache/apt/archives/partial/.apt-acquire-privs-test.ub0rMC - IsAccessibleBySandboxUser (26: Text file busy)
[ceph-admin][WARNIN] W: Problem unlinking the file /var/cache/apt/archives/partial/.apt-acquire-privs-test.tanGqg - IsAccessibleBySandboxUser (26: Text file busy)
[ceph-admin][WARNIN] W: Problem unlinking the file /var/cache/apt/archives/partial/.apt-acquire-privs-test.Uuce5T - IsAccessibleBySandboxUser (26: Text file busy)
[ceph-admin][WARNIN] W: Problem unlinking the file /var/cache/apt/archives/partial/.apt-acquire-privs-test.jRe4Jx - IsAccessibleBySandboxUser (26: Text file busy)
[ceph-admin][WARNIN] W: Problem unlinking the file /var/cache/apt/archives/partial/.apt-acquire-privs-test.Qrgepb - IsAccessibleBySandboxUser (26: Text file busy)
[ceph-admin][INFO  ] Running command: sudo ceph --version
[ceph-admin][DEBUG ] ceph version 12.2.8 (ae699615bac534ea496ee965ac6192cb7e0e07c0) luminous (stable)
[ceph_deploy.install][DEBUG ] Detecting platform for host ceph-server-1 ...
[ceph-server-1][DEBUG ] connection detected need for sudo
[ceph-server-1][DEBUG ] connected to host: ceph-server-1 
[ceph-server-1][DEBUG ] detect platform information from remote host
[ceph-server-1][DEBUG ] detect machine type
[ceph_deploy.install][INFO  ] Distro info: Ubuntu 18.04 bionic
[ceph-server-1][INFO  ] installing Ceph on ceph-server-1
[ceph-server-1][INFO  ] Running command: sudo env DEBIAN_FRONTEND=noninteractive DEBIAN_PRIORITY=critical apt-get --assume-yes -q --no-install-recommends install ca-certificates apt-transport-https
[ceph-server-1][DEBUG ] Reading package lists...
[ceph-server-1][DEBUG ] Building dependency tree...
[ceph-server-1][DEBUG ] Reading state information...
[ceph-server-1][DEBUG ] ca-certificates is already the newest version (20180409).
[ceph-server-1][DEBUG ] The following NEW packages will be installed:
[ceph-server-1][DEBUG ]   apt-transport-https
[ceph-server-1][DEBUG ] 0 upgraded, 1 newly installed, 0 to remove and 11 not upgraded.
[ceph-server-1][DEBUG ] Need to get 0 B/1692 B of archives.
[ceph-server-1][DEBUG ] After this operation, 153 kB of additional disk space will be used.
[ceph-server-1][DEBUG ] Selecting previously unselected package apt-transport-https.
(Reading database ... 66073 files and directories currently installed.)
[ceph-server-1][DEBUG ] Preparing to unpack .../apt-transport-https_1.6.8_all.deb ...
[ceph-server-1][DEBUG ] Unpacking apt-transport-https (1.6.8) ...
[ceph-server-1][DEBUG ] Setting up apt-transport-https (1.6.8) ...
[ceph-server-1][INFO  ] Running command: sudo env DEBIAN_FRONTEND=noninteractive DEBIAN_PRIORITY=critical apt-get --assume-yes -q update
[ceph-server-1][DEBUG ] Get:1 http://security.ubuntu.com/ubuntu bionic-security InRelease [88.7 kB]
[ceph-server-1][DEBUG ] Hit:2 http://archive.ubuntu.com/ubuntu bionic InRelease
[ceph-server-1][DEBUG ] Get:3 http://archive.ubuntu.com/ubuntu bionic-updates InRelease [88.7 kB]
[ceph-server-1][DEBUG ] Get:4 http://archive.ubuntu.com/ubuntu bionic-backports InRelease [74.6 kB]
[ceph-server-1][DEBUG ] Fetched 252 kB in 7s (34.8 kB/s)
[ceph-server-1][DEBUG ] Reading package lists...
[ceph-server-1][INFO  ] Running command: sudo env DEBIAN_FRONTEND=noninteractive DEBIAN_PRIORITY=critical apt-get --assume-yes -q --no-install-recommends install ceph ceph-osd ceph-mds ceph-mon radosgw
[ceph-server-1][DEBUG ] Reading package lists...
[ceph-server-1][DEBUG ] Building dependency tree...
[ceph-server-1][DEBUG ] Reading state information...
[ceph-server-1][DEBUG ] The following additional packages will be installed:
[ceph-server-1][DEBUG ]   ceph-base ceph-common ceph-mgr formencode-i18n libaio1 libbabeltrace1
[ceph-server-1][DEBUG ]   libcephfs2 libdw1 libgoogle-perftools4 libibverbs1 libjs-jquery
[ceph-server-1][DEBUG ]   libleveldb1v5 libnl-3-200 libnl-route-3-200 libnspr4 libnss3 libpython2.7
[ceph-server-1][DEBUG ]   librados2 libradosstriper1 librbd1 librgw2 libsnappy1v5 libtcmalloc-minimal4
[ceph-server-1][DEBUG ]   python-asn1crypto python-bs4 python-cephfs python-certifi
[ceph-server-1][DEBUG ]   python-cffi-backend python-chardet python-cherrypy3 python-cryptography
[ceph-server-1][DEBUG ]   python-dnspython python-enum34 python-formencode python-idna
[ceph-server-1][DEBUG ]   python-ipaddress python-jinja2 python-logutils python-mako python-markupsafe
[ceph-server-1][DEBUG ]   python-openssl python-paste python-pastedeploy python-pastedeploy-tpl
[ceph-server-1][DEBUG ]   python-pecan python-pkg-resources python-prettytable python-rados python-rbd
[ceph-server-1][DEBUG ]   python-requests python-simplegeneric python-simplejson python-singledispatch
[ceph-server-1][DEBUG ]   python-six python-tempita python-urllib3 python-waitress python-webob
[ceph-server-1][DEBUG ]   python-webtest python-werkzeug
[ceph-server-1][DEBUG ] Suggested packages:
[ceph-server-1][DEBUG ]   python-cryptography-doc python-cryptography-vectors python-enum34-doc
[ceph-server-1][DEBUG ]   python-egenix-mxdatetime python-jinja2-doc python-beaker python-mako-doc
[ceph-server-1][DEBUG ]   python-openssl-doc python-openssl-dbg httpd-wsgi libapache2-mod-python
[ceph-server-1][DEBUG ]   libapache2-mod-scgi libjs-mochikit python-pastescript python-pastewebkit
[ceph-server-1][DEBUG ]   python-pecan-doc python-setuptools python-socks python-ntlm
[ceph-server-1][DEBUG ]   python-waitress-doc python-webob-doc python-webtest-doc python-pyquery
[ceph-server-1][DEBUG ]   ipython python-genshi python-lxml python-greenlet python-redis
[ceph-server-1][DEBUG ]   python-pylibmc | python-memcache python-termcolor python-watchdog
[ceph-server-1][DEBUG ]   python-werkzeug-doc
[ceph-server-1][DEBUG ] Recommended packages:
[ceph-server-1][DEBUG ]   chrony | time-daemon | ntp ceph-fuse ibverbs-providers javascript-common
[ceph-server-1][DEBUG ]   python-lxml | python-html5lib python-routes python-openid python-scgi
[ceph-server-1][DEBUG ]   python-pastescript python-lxml python-pyinotify
[ceph-server-1][DEBUG ] The following NEW packages will be installed:
[ceph-server-1][DEBUG ]   ceph ceph-base ceph-common ceph-mds ceph-mgr ceph-mon ceph-osd
[ceph-server-1][DEBUG ]   formencode-i18n libaio1 libbabeltrace1 libcephfs2 libdw1
[ceph-server-1][DEBUG ]   libgoogle-perftools4 libibverbs1 libjs-jquery libleveldb1v5 libnl-3-200
[ceph-server-1][DEBUG ]   libnl-route-3-200 libnspr4 libnss3 libpython2.7 librados2 libradosstriper1
[ceph-server-1][DEBUG ]   librbd1 librgw2 libsnappy1v5 libtcmalloc-minimal4 python-asn1crypto
[ceph-server-1][DEBUG ]   python-bs4 python-cephfs python-certifi python-cffi-backend python-chardet
[ceph-server-1][DEBUG ]   python-cherrypy3 python-cryptography python-dnspython python-enum34
[ceph-server-1][DEBUG ]   python-formencode python-idna python-ipaddress python-jinja2 python-logutils
[ceph-server-1][DEBUG ]   python-mako python-markupsafe python-openssl python-paste python-pastedeploy
[ceph-server-1][DEBUG ]   python-pastedeploy-tpl python-pecan python-pkg-resources python-prettytable
[ceph-server-1][DEBUG ]   python-rados python-rbd python-requests python-simplegeneric
[ceph-server-1][DEBUG ]   python-simplejson python-singledispatch python-six python-tempita
[ceph-server-1][DEBUG ]   python-urllib3 python-waitress python-webob python-webtest python-werkzeug
[ceph-server-1][DEBUG ]   radosgw
[ceph-server-1][DEBUG ] 0 upgraded, 65 newly installed, 0 to remove and 11 not upgraded.
[ceph-server-1][DEBUG ] Need to get 0 B/54.2 MB of archives.
[ceph-server-1][DEBUG ] After this operation, 215 MB of additional disk space will be used.
[ceph-server-1][DEBUG ] Selecting previously unselected package libnl-3-200:amd64.
(Reading database ... 66077 files and directories currently installed.)
[ceph-server-1][DEBUG ] Preparing to unpack .../00-libnl-3-200_3.2.29-0ubuntu3_amd64.deb ...
[ceph-server-1][DEBUG ] Unpacking libnl-3-200:amd64 (3.2.29-0ubuntu3) ...
[ceph-server-1][DEBUG ] Selecting previously unselected package libnl-route-3-200:amd64.
[ceph-server-1][DEBUG ] Preparing to unpack .../01-libnl-route-3-200_3.2.29-0ubuntu3_amd64.deb ...
[ceph-server-1][DEBUG ] Unpacking libnl-route-3-200:amd64 (3.2.29-0ubuntu3) ...
[ceph-server-1][DEBUG ] Selecting previously unselected package libibverbs1:amd64.
[ceph-server-1][DEBUG ] Preparing to unpack .../02-libibverbs1_17.1-1ubuntu0.1_amd64.deb ...
[ceph-server-1][DEBUG ] Unpacking libibverbs1:amd64 (17.1-1ubuntu0.1) ...
[ceph-server-1][DEBUG ] Selecting previously unselected package libnspr4:amd64.
[ceph-server-1][DEBUG ] Preparing to unpack .../03-libnspr4_2%3a4.18-1ubuntu1_amd64.deb ...
[ceph-server-1][DEBUG ] Unpacking libnspr4:amd64 (2:4.18-1ubuntu1) ...
[ceph-server-1][DEBUG ] Selecting previously unselected package libnss3:amd64.
[ceph-server-1][DEBUG ] Preparing to unpack .../04-libnss3_2%3a3.35-2ubuntu2.1_amd64.deb ...
[ceph-server-1][DEBUG ] Unpacking libnss3:amd64 (2:3.35-2ubuntu2.1) ...
[ceph-server-1][DEBUG ] Selecting previously unselected package librados2.
[ceph-server-1][DEBUG ] Preparing to unpack .../05-librados2_12.2.8-0ubuntu0.18.04.2_amd64.deb ...
[ceph-server-1][DEBUG ] Unpacking librados2 (12.2.8-0ubuntu0.18.04.2) ...
[ceph-server-1][DEBUG ] Selecting previously unselected package librbd1.
[ceph-server-1][DEBUG ] Preparing to unpack .../06-librbd1_12.2.8-0ubuntu0.18.04.2_amd64.deb ...
[ceph-server-1][DEBUG ] Unpacking librbd1 (12.2.8-0ubuntu0.18.04.2) ...
[ceph-server-1][DEBUG ] Selecting previously unselected package libcephfs2.
[ceph-server-1][DEBUG ] Preparing to unpack .../07-libcephfs2_12.2.8-0ubuntu0.18.04.2_amd64.deb ...
[ceph-server-1][DEBUG ] Unpacking libcephfs2 (12.2.8-0ubuntu0.18.04.2) ...
[ceph-server-1][DEBUG ] Selecting previously unselected package python-cephfs.
[ceph-server-1][DEBUG ] Preparing to unpack .../08-python-cephfs_12.2.8-0ubuntu0.18.04.2_amd64.deb ...
[ceph-server-1][DEBUG ] Unpacking python-cephfs (12.2.8-0ubuntu0.18.04.2) ...
[ceph-server-1][DEBUG ] Selecting previously unselected package python-prettytable.
[ceph-server-1][DEBUG ] Preparing to unpack .../09-python-prettytable_0.7.2-3_all.deb ...
[ceph-server-1][DEBUG ] Unpacking python-prettytable (0.7.2-3) ...
[ceph-server-1][DEBUG ] Selecting previously unselected package libpython2.7:amd64.
[ceph-server-1][DEBUG ] Preparing to unpack .../10-libpython2.7_2.7.15~rc1-1ubuntu0.1_amd64.deb ...
[ceph-server-1][DEBUG ] Unpacking libpython2.7:amd64 (2.7.15~rc1-1ubuntu0.1) ...
[ceph-server-1][DEBUG ] Selecting previously unselected package python-rados.
[ceph-server-1][DEBUG ] Preparing to unpack .../11-python-rados_12.2.8-0ubuntu0.18.04.2_amd64.deb ...
[ceph-server-1][DEBUG ] Unpacking python-rados (12.2.8-0ubuntu0.18.04.2) ...
[ceph-server-1][DEBUG ] Selecting previously unselected package python-rbd.
[ceph-server-1][DEBUG ] Preparing to unpack .../12-python-rbd_12.2.8-0ubuntu0.18.04.2_amd64.deb ...
[ceph-server-1][DEBUG ] Unpacking python-rbd (12.2.8-0ubuntu0.18.04.2) ...
[ceph-server-1][DEBUG ] Selecting previously unselected package python-certifi.
[ceph-server-1][DEBUG ] Preparing to unpack .../13-python-certifi_2018.1.18-2_all.deb ...
[ceph-server-1][DEBUG ] Unpacking python-certifi (2018.1.18-2) ...
[ceph-server-1][DEBUG ] Selecting previously unselected package python-pkg-resources.
[ceph-server-1][DEBUG ] Preparing to unpack .../14-python-pkg-resources_39.0.1-2_all.deb ...
[ceph-server-1][DEBUG ] Unpacking python-pkg-resources (39.0.1-2) ...
[ceph-server-1][DEBUG ] Selecting previously unselected package python-chardet.
[ceph-server-1][DEBUG ] Preparing to unpack .../15-python-chardet_3.0.4-1_all.deb ...
[ceph-server-1][DEBUG ] Unpacking python-chardet (3.0.4-1) ...
[ceph-server-1][DEBUG ] Selecting previously unselected package python-idna.
[ceph-server-1][DEBUG ] Preparing to unpack .../16-python-idna_2.6-1_all.deb ...
[ceph-server-1][DEBUG ] Unpacking python-idna (2.6-1) ...
[ceph-server-1][DEBUG ] Selecting previously unselected package python-six.
[ceph-server-1][DEBUG ] Preparing to unpack .../17-python-six_1.11.0-2_all.deb ...
[ceph-server-1][DEBUG ] Unpacking python-six (1.11.0-2) ...
[ceph-server-1][DEBUG ] Selecting previously unselected package python-urllib3.
[ceph-server-1][DEBUG ] Preparing to unpack .../18-python-urllib3_1.22-1_all.deb ...
[ceph-server-1][DEBUG ] Unpacking python-urllib3 (1.22-1) ...
[ceph-server-1][DEBUG ] Selecting previously unselected package python-requests.
[ceph-server-1][DEBUG ] Preparing to unpack .../19-python-requests_2.18.4-2ubuntu0.1_all.deb ...
[ceph-server-1][DEBUG ] Unpacking python-requests (2.18.4-2ubuntu0.1) ...
[ceph-server-1][DEBUG ] Selecting previously unselected package libdw1:amd64.
[ceph-server-1][DEBUG ] Preparing to unpack .../20-libdw1_0.170-0.4_amd64.deb ...
[ceph-server-1][DEBUG ] Unpacking libdw1:amd64 (0.170-0.4) ...
[ceph-server-1][DEBUG ] Selecting previously unselected package libbabeltrace1:amd64.
[ceph-server-1][DEBUG ] Preparing to unpack .../21-libbabeltrace1_1.5.5-1_amd64.deb ...
[ceph-server-1][DEBUG ] Unpacking libbabeltrace1:amd64 (1.5.5-1) ...
[ceph-server-1][DEBUG ] Selecting previously unselected package libtcmalloc-minimal4.
[ceph-server-1][DEBUG ] Preparing to unpack .../22-libtcmalloc-minimal4_2.5-2.2ubuntu3_amd64.deb ...
[ceph-server-1][DEBUG ] Unpacking libtcmalloc-minimal4 (2.5-2.2ubuntu3) ...
[ceph-server-1][DEBUG ] Selecting previously unselected package libgoogle-perftools4.
[ceph-server-1][DEBUG ] Preparing to unpack .../23-libgoogle-perftools4_2.5-2.2ubuntu3_amd64.deb ...
[ceph-server-1][DEBUG ] Unpacking libgoogle-perftools4 (2.5-2.2ubuntu3) ...
[ceph-server-1][DEBUG ] Selecting previously unselected package libradosstriper1.
[ceph-server-1][DEBUG ] Preparing to unpack .../24-libradosstriper1_12.2.8-0ubuntu0.18.04.2_amd64.deb ...
[ceph-server-1][DEBUG ] Unpacking libradosstriper1 (12.2.8-0ubuntu0.18.04.2) ...
[ceph-server-1][DEBUG ] Selecting previously unselected package libsnappy1v5:amd64.
[ceph-server-1][DEBUG ] Preparing to unpack .../25-libsnappy1v5_1.1.7-1_amd64.deb ...
[ceph-server-1][DEBUG ] Unpacking libsnappy1v5:amd64 (1.1.7-1) ...
[ceph-server-1][DEBUG ] Selecting previously unselected package ceph-common.
[ceph-server-1][DEBUG ] Preparing to unpack .../26-ceph-common_12.2.8-0ubuntu0.18.04.2_amd64.deb ...
[ceph-server-1][DEBUG ] Unpacking ceph-common (12.2.8-0ubuntu0.18.04.2) ...
[ceph-server-1][DEBUG ] Selecting previously unselected package ceph-base.
[ceph-server-1][DEBUG ] Preparing to unpack .../27-ceph-base_12.2.8-0ubuntu0.18.04.2_amd64.deb ...
[ceph-server-1][DEBUG ] Unpacking ceph-base (12.2.8-0ubuntu0.18.04.2) ...
[ceph-server-1][DEBUG ] Selecting previously unselected package libaio1:amd64.
[ceph-server-1][DEBUG ] Preparing to unpack .../28-libaio1_0.3.110-5_amd64.deb ...
[ceph-server-1][DEBUG ] Unpacking libaio1:amd64 (0.3.110-5) ...
[ceph-server-1][DEBUG ] Selecting previously unselected package libleveldb1v5:amd64.
[ceph-server-1][DEBUG ] Preparing to unpack .../29-libleveldb1v5_1.20-2_amd64.deb ...
[ceph-server-1][DEBUG ] Unpacking libleveldb1v5:amd64 (1.20-2) ...
[ceph-server-1][DEBUG ] Setting up libnl-3-200:amd64 (3.2.29-0ubuntu3) ...
[ceph-server-1][DEBUG ] Setting up libnl-route-3-200:amd64 (3.2.29-0ubuntu3) ...
[ceph-server-1][DEBUG ] Setting up libibverbs1:amd64 (17.1-1ubuntu0.1) ...
[ceph-server-1][DEBUG ] Setting up libnspr4:amd64 (2:4.18-1ubuntu1) ...
[ceph-server-1][DEBUG ] Setting up libnss3:amd64 (2:3.35-2ubuntu2.1) ...
[ceph-server-1][DEBUG ] Setting up librados2 (12.2.8-0ubuntu0.18.04.2) ...
[ceph-server-1][DEBUG ] Setting up librbd1 (12.2.8-0ubuntu0.18.04.2) ...
[ceph-server-1][DEBUG ] Setting up libcephfs2 (12.2.8-0ubuntu0.18.04.2) ...
[ceph-server-1][DEBUG ] Setting up python-cephfs (12.2.8-0ubuntu0.18.04.2) ...
[ceph-server-1][DEBUG ] Setting up python-prettytable (0.7.2-3) ...
[ceph-server-1][DEBUG ] Setting up libpython2.7:amd64 (2.7.15~rc1-1ubuntu0.1) ...
[ceph-server-1][DEBUG ] Setting up python-rados (12.2.8-0ubuntu0.18.04.2) ...
[ceph-server-1][DEBUG ] Setting up python-rbd (12.2.8-0ubuntu0.18.04.2) ...
[ceph-server-1][DEBUG ] Setting up python-certifi (2018.1.18-2) ...
[ceph-server-1][DEBUG ] Setting up python-pkg-resources (39.0.1-2) ...
[ceph-server-1][DEBUG ] Setting up python-chardet (3.0.4-1) ...
[ceph-server-1][DEBUG ] Setting up python-idna (2.6-1) ...
[ceph-server-1][DEBUG ] Setting up python-six (1.11.0-2) ...
[ceph-server-1][DEBUG ] Setting up python-urllib3 (1.22-1) ...
[ceph-server-1][DEBUG ] Setting up python-requests (2.18.4-2ubuntu0.1) ...
[ceph-server-1][DEBUG ] Setting up libdw1:amd64 (0.170-0.4) ...
[ceph-server-1][DEBUG ] Setting up libbabeltrace1:amd64 (1.5.5-1) ...
[ceph-server-1][DEBUG ] Setting up libtcmalloc-minimal4 (2.5-2.2ubuntu3) ...
[ceph-server-1][DEBUG ] Setting up libgoogle-perftools4 (2.5-2.2ubuntu3) ...
[ceph-server-1][DEBUG ] Setting up libradosstriper1 (12.2.8-0ubuntu0.18.04.2) ...
[ceph-server-1][DEBUG ] Setting up libsnappy1v5:amd64 (1.1.7-1) ...
[ceph-server-1][DEBUG ] Setting up ceph-common (12.2.8-0ubuntu0.18.04.2) ...
[ceph-server-1][DEBUG ] Created symlink /etc/systemd/system/multi-user.target.wants/ceph.target → /lib/systemd/system/ceph.target.
[ceph-server-1][DEBUG ] Selecting previously unselected package ceph-osd.
(Reading database ... 66670 files and directories currently installed.)
[ceph-server-1][DEBUG ] Preparing to unpack .../00-ceph-osd_12.2.8-0ubuntu0.18.04.2_amd64.deb ...
[ceph-server-1][DEBUG ] Unpacking ceph-osd (12.2.8-0ubuntu0.18.04.2) ...
[ceph-server-1][DEBUG ] Selecting previously unselected package python-cherrypy3.
[ceph-server-1][DEBUG ] Preparing to unpack .../01-python-cherrypy3_8.9.1-2_all.deb ...
[ceph-server-1][DEBUG ] Unpacking python-cherrypy3 (8.9.1-2) ...
[ceph-server-1][DEBUG ] Selecting previously unselected package python-markupsafe.
[ceph-server-1][DEBUG ] Preparing to unpack .../02-python-markupsafe_1.0-1build1_amd64.deb ...
[ceph-server-1][DEBUG ] Unpacking python-markupsafe (1.0-1build1) ...
[ceph-server-1][DEBUG ] Selecting previously unselected package python-jinja2.
[ceph-server-1][DEBUG ] Preparing to unpack .../03-python-jinja2_2.10-1_all.deb ...
[ceph-server-1][DEBUG ] Unpacking python-jinja2 (2.10-1) ...
[ceph-server-1][DEBUG ] Selecting previously unselected package python-asn1crypto.
[ceph-server-1][DEBUG ] Preparing to unpack .../04-python-asn1crypto_0.24.0-1_all.deb ...
[ceph-server-1][DEBUG ] Unpacking python-asn1crypto (0.24.0-1) ...
[ceph-server-1][DEBUG ] Selecting previously unselected package python-cffi-backend.
[ceph-server-1][DEBUG ] Preparing to unpack .../05-python-cffi-backend_1.11.5-1_amd64.deb ...
[ceph-server-1][DEBUG ] Unpacking python-cffi-backend (1.11.5-1) ...
[ceph-server-1][DEBUG ] Selecting previously unselected package python-enum34.
[ceph-server-1][DEBUG ] Preparing to unpack .../06-python-enum34_1.1.6-2_all.deb ...
[ceph-server-1][DEBUG ] Unpacking python-enum34 (1.1.6-2) ...
[ceph-server-1][DEBUG ] Selecting previously unselected package python-ipaddress.
[ceph-server-1][DEBUG ] Preparing to unpack .../07-python-ipaddress_1.0.17-1_all.deb ...
[ceph-server-1][DEBUG ] Unpacking python-ipaddress (1.0.17-1) ...
[ceph-server-1][DEBUG ] Selecting previously unselected package python-cryptography.
[ceph-server-1][DEBUG ] Preparing to unpack .../08-python-cryptography_2.1.4-1ubuntu1.2_amd64.deb ...
[ceph-server-1][DEBUG ] Unpacking python-cryptography (2.1.4-1ubuntu1.2) ...
[ceph-server-1][DEBUG ] Selecting previously unselected package python-openssl.
[ceph-server-1][DEBUG ] Preparing to unpack .../09-python-openssl_17.5.0-1ubuntu1_all.deb ...
[ceph-server-1][DEBUG ] Unpacking python-openssl (17.5.0-1ubuntu1) ...
[ceph-server-1][DEBUG ] Selecting previously unselected package python-logutils.
[ceph-server-1][DEBUG ] Preparing to unpack .../10-python-logutils_0.3.3-5_all.deb ...
[ceph-server-1][DEBUG ] Unpacking python-logutils (0.3.3-5) ...
[ceph-server-1][DEBUG ] Selecting previously unselected package python-mako.
[ceph-server-1][DEBUG ] Preparing to unpack .../11-python-mako_1.0.7+ds1-1_all.deb ...
[ceph-server-1][DEBUG ] Unpacking python-mako (1.0.7+ds1-1) ...
[ceph-server-1][DEBUG ] Selecting previously unselected package python-simplegeneric.
[ceph-server-1][DEBUG ] Preparing to unpack .../12-python-simplegeneric_0.8.1-1_all.deb ...
[ceph-server-1][DEBUG ] Unpacking python-simplegeneric (0.8.1-1) ...
[ceph-server-1][DEBUG ] Selecting previously unselected package python-singledispatch.
[ceph-server-1][DEBUG ] Preparing to unpack .../13-python-singledispatch_3.4.0.3-2_all.deb ...
[ceph-server-1][DEBUG ] Unpacking python-singledispatch (3.4.0.3-2) ...
[ceph-server-1][DEBUG ] Selecting previously unselected package python-simplejson.
[ceph-server-1][DEBUG ] Preparing to unpack .../14-python-simplejson_3.13.2-1_amd64.deb ...
[ceph-server-1][DEBUG ] Unpacking python-simplejson (3.13.2-1) ...
[ceph-server-1][DEBUG ] Selecting previously unselected package python-webob.
[ceph-server-1][DEBUG ] Preparing to unpack .../15-python-webob_1%3a1.7.3-2fakesync1_all.deb ...
[ceph-server-1][DEBUG ] Unpacking python-webob (1:1.7.3-2fakesync1) ...
[ceph-server-1][DEBUG ] Selecting previously unselected package python-bs4.
[ceph-server-1][DEBUG ] Preparing to unpack .../16-python-bs4_4.6.0-1_all.deb ...
[ceph-server-1][DEBUG ] Unpacking python-bs4 (4.6.0-1) ...
[ceph-server-1][DEBUG ] Selecting previously unselected package python-waitress.
[ceph-server-1][DEBUG ] Preparing to unpack .../17-python-waitress_1.0.1-1_all.deb ...
[ceph-server-1][DEBUG ] Unpacking python-waitress (1.0.1-1) ...
[ceph-server-1][DEBUG ] Selecting previously unselected package python-dnspython.
[ceph-server-1][DEBUG ] Preparing to unpack .../18-python-dnspython_1.15.0-1_all.deb ...
[ceph-server-1][DEBUG ] Unpacking python-dnspython (1.15.0-1) ...
[ceph-server-1][DEBUG ] Selecting previously unselected package formencode-i18n.
[ceph-server-1][DEBUG ] Preparing to unpack .../19-formencode-i18n_1.3.0-0ubuntu5_all.deb ...
[ceph-server-1][DEBUG ] Unpacking formencode-i18n (1.3.0-0ubuntu5) ...
[ceph-server-1][DEBUG ] Selecting previously unselected package python-formencode.
[ceph-server-1][DEBUG ] Preparing to unpack .../20-python-formencode_1.3.0-0ubuntu5_all.deb ...
[ceph-server-1][DEBUG ] Unpacking python-formencode (1.3.0-0ubuntu5) ...
[ceph-server-1][DEBUG ] Selecting previously unselected package python-tempita.
[ceph-server-1][DEBUG ] Preparing to unpack .../21-python-tempita_0.5.2-2_all.deb ...
[ceph-server-1][DEBUG ] Unpacking python-tempita (0.5.2-2) ...
[ceph-server-1][DEBUG ] Selecting previously unselected package python-paste.
[ceph-server-1][DEBUG ] Preparing to unpack .../22-python-paste_2.0.3+dfsg-4ubuntu1_all.deb ...
[ceph-server-1][DEBUG ] Unpacking python-paste (2.0.3+dfsg-4ubuntu1) ...
[ceph-server-1][DEBUG ] Selecting previously unselected package python-pastedeploy-tpl.
[ceph-server-1][DEBUG ] Preparing to unpack .../23-python-pastedeploy-tpl_1.5.2-4_all.deb ...
[ceph-server-1][DEBUG ] Unpacking python-pastedeploy-tpl (1.5.2-4) ...
[ceph-server-1][DEBUG ] Selecting previously unselected package python-pastedeploy.
[ceph-server-1][DEBUG ] Preparing to unpack .../24-python-pastedeploy_1.5.2-4_all.deb ...
[ceph-server-1][DEBUG ] Unpacking python-pastedeploy (1.5.2-4) ...
[ceph-server-1][DEBUG ] Selecting previously unselected package python-webtest.
[ceph-server-1][DEBUG ] Preparing to unpack .../25-python-webtest_2.0.28-1ubuntu1_all.deb ...
[ceph-server-1][DEBUG ] Unpacking python-webtest (2.0.28-1ubuntu1) ...
[ceph-server-1][DEBUG ] Selecting previously unselected package python-pecan.
[ceph-server-1][DEBUG ] Preparing to unpack .../26-python-pecan_1.2.1-2_all.deb ...
[ceph-server-1][DEBUG ] Unpacking python-pecan (1.2.1-2) ...
[ceph-server-1][DEBUG ] Selecting previously unselected package libjs-jquery.
[ceph-server-1][DEBUG ] Preparing to unpack .../27-libjs-jquery_3.2.1-1_all.deb ...
[ceph-server-1][DEBUG ] Unpacking libjs-jquery (3.2.1-1) ...
[ceph-server-1][DEBUG ] Selecting previously unselected package python-werkzeug.
[ceph-server-1][DEBUG ] Preparing to unpack .../28-python-werkzeug_0.14.1+dfsg1-1_all.deb ...
[ceph-server-1][DEBUG ] Unpacking python-werkzeug (0.14.1+dfsg1-1) ...
[ceph-server-1][DEBUG ] Selecting previously unselected package ceph-mgr.
[ceph-server-1][DEBUG ] Preparing to unpack .../29-ceph-mgr_12.2.8-0ubuntu0.18.04.2_amd64.deb ...
[ceph-server-1][DEBUG ] Unpacking ceph-mgr (12.2.8-0ubuntu0.18.04.2) ...
[ceph-server-1][DEBUG ] Selecting previously unselected package ceph-mon.
[ceph-server-1][DEBUG ] Preparing to unpack .../30-ceph-mon_12.2.8-0ubuntu0.18.04.2_amd64.deb ...
[ceph-server-1][DEBUG ] Unpacking ceph-mon (12.2.8-0ubuntu0.18.04.2) ...
[ceph-server-1][DEBUG ] Selecting previously unselected package ceph.
[ceph-server-1][DEBUG ] Preparing to unpack .../31-ceph_12.2.8-0ubuntu0.18.04.2_amd64.deb ...
[ceph-server-1][DEBUG ] Unpacking ceph (12.2.8-0ubuntu0.18.04.2) ...
[ceph-server-1][DEBUG ] Selecting previously unselected package ceph-mds.
[ceph-server-1][DEBUG ] Preparing to unpack .../32-ceph-mds_12.2.8-0ubuntu0.18.04.2_amd64.deb ...
[ceph-server-1][DEBUG ] Unpacking ceph-mds (12.2.8-0ubuntu0.18.04.2) ...
[ceph-server-1][DEBUG ] Selecting previously unselected package librgw2.
[ceph-server-1][DEBUG ] Preparing to unpack .../33-librgw2_12.2.8-0ubuntu0.18.04.2_amd64.deb ...
[ceph-server-1][DEBUG ] Unpacking librgw2 (12.2.8-0ubuntu0.18.04.2) ...
[ceph-server-1][DEBUG ] Selecting previously unselected package radosgw.
[ceph-server-1][DEBUG ] Preparing to unpack .../34-radosgw_12.2.8-0ubuntu0.18.04.2_amd64.deb ...
[ceph-server-1][DEBUG ] Unpacking radosgw (12.2.8-0ubuntu0.18.04.2) ...
[ceph-server-1][DEBUG ] Setting up python-dnspython (1.15.0-1) ...
[ceph-server-1][DEBUG ] Setting up python-simplejson (3.13.2-1) ...
[ceph-server-1][DEBUG ] Setting up libjs-jquery (3.2.1-1) ...
[ceph-server-1][DEBUG ] Setting up python-asn1crypto (0.24.0-1) ...
[ceph-server-1][DEBUG ] Setting up python-simplegeneric (0.8.1-1) ...
[ceph-server-1][DEBUG ] Processing triggers for ureadahead (0.100.0-20) ...
[ceph-server-1][DEBUG ] Setting up librgw2 (12.2.8-0ubuntu0.18.04.2) ...
[ceph-server-1][DEBUG ] Setting up formencode-i18n (1.3.0-0ubuntu5) ...
[ceph-server-1][DEBUG ] Setting up python-webob (1:1.7.3-2fakesync1) ...
[ceph-server-1][DEBUG ] Setting up python-waitress (1.0.1-1) ...
[ceph-server-1][DEBUG ] update-alternatives: using /usr/bin/waitress-serve-python2 to provide /usr/bin/waitress-serve (waitress-serve) in auto mode
[ceph-server-1][DEBUG ] Setting up libleveldb1v5:amd64 (1.20-2) ...
[ceph-server-1][DEBUG ] Setting up python-markupsafe (1.0-1build1) ...
[ceph-server-1][DEBUG ] Setting up python-werkzeug (0.14.1+dfsg1-1) ...
[ceph-server-1][DEBUG ] Setting up python-cffi-backend (1.11.5-1) ...
[ceph-server-1][DEBUG ] Processing triggers for libc-bin (2.27-3ubuntu1) ...
[ceph-server-1][DEBUG ] Setting up python-bs4 (4.6.0-1) ...
[ceph-server-1][DEBUG ] Setting up libaio1:amd64 (0.3.110-5) ...
[ceph-server-1][DEBUG ] Setting up ceph-base (12.2.8-0ubuntu0.18.04.2) ...
[ceph-server-1][DEBUG ] Setting up python-mako (1.0.7+ds1-1) ...
[ceph-server-1][DEBUG ] Setting up python-enum34 (1.1.6-2) ...
[ceph-server-1][DEBUG ] Processing triggers for systemd (237-3ubuntu10.13) ...
[ceph-server-1][DEBUG ] Processing triggers for man-db (2.8.3-2ubuntu0.1) ...
[ceph-server-1][DEBUG ] Setting up python-singledispatch (3.4.0.3-2) ...
[ceph-server-1][DEBUG ] Setting up python-pastedeploy-tpl (1.5.2-4) ...
[ceph-server-1][DEBUG ] Setting up python-tempita (0.5.2-2) ...
[ceph-server-1][DEBUG ] Setting up python-ipaddress (1.0.17-1) ...
[ceph-server-1][DEBUG ] Setting up python-cherrypy3 (8.9.1-2) ...
[ceph-server-1][DEBUG ] Setting up python-logutils (0.3.3-5) ...
[ceph-server-1][DEBUG ] Setting up radosgw (12.2.8-0ubuntu0.18.04.2) ...
[ceph-server-1][DEBUG ] Created symlink /etc/systemd/system/multi-user.target.wants/ceph-radosgw.target → /lib/systemd/system/ceph-radosgw.target.
[ceph-server-1][DEBUG ] Created symlink /etc/systemd/system/ceph.target.wants/ceph-radosgw.target → /lib/systemd/system/ceph-radosgw.target.
[ceph-server-1][DEBUG ] Setting up python-formencode (1.3.0-0ubuntu5) ...
[ceph-server-1][DEBUG ] Setting up ceph-osd (12.2.8-0ubuntu0.18.04.2) ...
[ceph-server-1][DEBUG ] Created symlink /etc/systemd/system/multi-user.target.wants/ceph-osd.target → /lib/systemd/system/ceph-osd.target.
[ceph-server-1][DEBUG ] Created symlink /etc/systemd/system/ceph.target.wants/ceph-osd.target → /lib/systemd/system/ceph-osd.target.
[ceph-server-1][DEBUG ] Setting up python-jinja2 (2.10-1) ...
[ceph-server-1][DEBUG ] Setting up python-paste (2.0.3+dfsg-4ubuntu1) ...
[ceph-server-1][DEBUG ] Setting up ceph-mon (12.2.8-0ubuntu0.18.04.2) ...
[ceph-server-1][DEBUG ] Created symlink /etc/systemd/system/multi-user.target.wants/ceph-mon.target → /lib/systemd/system/ceph-mon.target.
[ceph-server-1][DEBUG ] Created symlink /etc/systemd/system/ceph.target.wants/ceph-mon.target → /lib/systemd/system/ceph-mon.target.
[ceph-server-1][DEBUG ] Setting up python-cryptography (2.1.4-1ubuntu1.2) ...
[ceph-server-1][DEBUG ] Setting up python-openssl (17.5.0-1ubuntu1) ...
[ceph-server-1][DEBUG ] Setting up python-pastedeploy (1.5.2-4) ...
[ceph-server-1][DEBUG ] Setting up python-webtest (2.0.28-1ubuntu1) ...
[ceph-server-1][DEBUG ] Setting up python-pecan (1.2.1-2) ...
[ceph-server-1][DEBUG ] update-alternatives: using /usr/bin/python2-pecan to provide /usr/bin/pecan (pecan) in auto mode
[ceph-server-1][DEBUG ] update-alternatives: using /usr/bin/python2-gunicorn_pecan to provide /usr/bin/gunicorn_pecan (gunicorn_pecan) in auto mode
[ceph-server-1][DEBUG ] Setting up ceph-mgr (12.2.8-0ubuntu0.18.04.2) ...
[ceph-server-1][DEBUG ] Created symlink /etc/systemd/system/multi-user.target.wants/ceph-mgr.target → /lib/systemd/system/ceph-mgr.target.
[ceph-server-1][DEBUG ] Created symlink /etc/systemd/system/ceph.target.wants/ceph-mgr.target → /lib/systemd/system/ceph-mgr.target.
[ceph-server-1][DEBUG ] Setting up ceph (12.2.8-0ubuntu0.18.04.2) ...
[ceph-server-1][DEBUG ] Setting up ceph-mds (12.2.8-0ubuntu0.18.04.2) ...
[ceph-server-1][DEBUG ] Created symlink /etc/systemd/system/multi-user.target.wants/ceph-mds.target → /lib/systemd/system/ceph-mds.target.
[ceph-server-1][DEBUG ] Created symlink /etc/systemd/system/ceph.target.wants/ceph-mds.target → /lib/systemd/system/ceph-mds.target.
[ceph-server-1][DEBUG ] Processing triggers for libc-bin (2.27-3ubuntu1) ...
[ceph-server-1][DEBUG ] Processing triggers for ureadahead (0.100.0-20) ...
[ceph-server-1][DEBUG ] Processing triggers for systemd (237-3ubuntu10.13) ...
[ceph-server-1][INFO  ] Running command: sudo ceph --version
[ceph-server-1][DEBUG ] ceph version 12.2.8 (ae699615bac534ea496ee965ac6192cb7e0e07c0) luminous (stable)
[ceph_deploy.install][DEBUG ] Detecting platform for host ceph-server-2 ...
[ceph-server-2][DEBUG ] connection detected need for sudo
[ceph-server-2][DEBUG ] connected to host: ceph-server-2 
[ceph-server-2][DEBUG ] detect platform information from remote host
[ceph-server-2][DEBUG ] detect machine type
[ceph_deploy.install][INFO  ] Distro info: Ubuntu 18.04 bionic
[ceph-server-2][INFO  ] installing Ceph on ceph-server-2
[ceph-server-2][INFO  ] Running command: sudo env DEBIAN_FRONTEND=noninteractive DEBIAN_PRIORITY=critical apt-get --assume-yes -q --no-install-recommends install ca-certificates apt-transport-https
[ceph-server-2][DEBUG ] Reading package lists...
[ceph-server-2][DEBUG ] Building dependency tree...
[ceph-server-2][DEBUG ] Reading state information...
[ceph-server-2][DEBUG ] ca-certificates is already the newest version (20180409).
[ceph-server-2][DEBUG ] The following NEW packages will be installed:
[ceph-server-2][DEBUG ]   apt-transport-https
[ceph-server-2][DEBUG ] 0 upgraded, 1 newly installed, 0 to remove and 11 not upgraded.
[ceph-server-2][DEBUG ] Need to get 0 B/1692 B of archives.
[ceph-server-2][DEBUG ] After this operation, 153 kB of additional disk space will be used.
[ceph-server-2][DEBUG ] Selecting previously unselected package apt-transport-https.
(Reading database ... 66073 files and directories currently installed.)
[ceph-server-2][DEBUG ] Preparing to unpack .../apt-transport-https_1.6.8_all.deb ...
[ceph-server-2][DEBUG ] Unpacking apt-transport-https (1.6.8) ...
[ceph-server-2][DEBUG ] Setting up apt-transport-https (1.6.8) ...
[ceph-server-2][INFO  ] Running command: sudo env DEBIAN_FRONTEND=noninteractive DEBIAN_PRIORITY=critical apt-get --assume-yes -q update
[ceph-server-2][DEBUG ] Get:1 http://security.ubuntu.com/ubuntu bionic-security InRelease [88.7 kB]
[ceph-server-2][DEBUG ] Hit:2 http://archive.ubuntu.com/ubuntu bionic InRelease
[ceph-server-2][DEBUG ] Get:3 http://archive.ubuntu.com/ubuntu bionic-updates InRelease [88.7 kB]
[ceph-server-2][DEBUG ] Get:4 http://archive.ubuntu.com/ubuntu bionic-backports InRelease [74.6 kB]
[ceph-server-2][DEBUG ] Fetched 252 kB in 9s (29.3 kB/s)
[ceph-server-2][DEBUG ] Reading package lists...
[ceph-server-2][INFO  ] Running command: sudo env DEBIAN_FRONTEND=noninteractive DEBIAN_PRIORITY=critical apt-get --assume-yes -q --no-install-recommends install ceph ceph-osd ceph-mds ceph-mon radosgw
[ceph-server-2][DEBUG ] Reading package lists...
[ceph-server-2][DEBUG ] Building dependency tree...
[ceph-server-2][DEBUG ] Reading state information...
[ceph-server-2][DEBUG ] The following additional packages will be installed:
[ceph-server-2][DEBUG ]   ceph-base ceph-common ceph-mgr formencode-i18n libaio1 libbabeltrace1
[ceph-server-2][DEBUG ]   libcephfs2 libdw1 libgoogle-perftools4 libibverbs1 libjs-jquery
[ceph-server-2][DEBUG ]   libleveldb1v5 libnl-3-200 libnl-route-3-200 libnspr4 libnss3 libpython2.7
[ceph-server-2][DEBUG ]   librados2 libradosstriper1 librbd1 librgw2 libsnappy1v5 libtcmalloc-minimal4
[ceph-server-2][DEBUG ]   python-asn1crypto python-bs4 python-cephfs python-certifi
[ceph-server-2][DEBUG ]   python-cffi-backend python-chardet python-cherrypy3 python-cryptography
[ceph-server-2][DEBUG ]   python-dnspython python-enum34 python-formencode python-idna
[ceph-server-2][DEBUG ]   python-ipaddress python-jinja2 python-logutils python-mako python-markupsafe
[ceph-server-2][DEBUG ]   python-openssl python-paste python-pastedeploy python-pastedeploy-tpl
[ceph-server-2][DEBUG ]   python-pecan python-pkg-resources python-prettytable python-rados python-rbd
[ceph-server-2][DEBUG ]   python-requests python-simplegeneric python-simplejson python-singledispatch
[ceph-server-2][DEBUG ]   python-six python-tempita python-urllib3 python-waitress python-webob
[ceph-server-2][DEBUG ]   python-webtest python-werkzeug
[ceph-server-2][DEBUG ] Suggested packages:
[ceph-server-2][DEBUG ]   python-cryptography-doc python-cryptography-vectors python-enum34-doc
[ceph-server-2][DEBUG ]   python-egenix-mxdatetime python-jinja2-doc python-beaker python-mako-doc
[ceph-server-2][DEBUG ]   python-openssl-doc python-openssl-dbg httpd-wsgi libapache2-mod-python
[ceph-server-2][DEBUG ]   libapache2-mod-scgi libjs-mochikit python-pastescript python-pastewebkit
[ceph-server-2][DEBUG ]   python-pecan-doc python-setuptools python-socks python-ntlm
[ceph-server-2][DEBUG ]   python-waitress-doc python-webob-doc python-webtest-doc python-pyquery
[ceph-server-2][DEBUG ]   ipython python-genshi python-lxml python-greenlet python-redis
[ceph-server-2][DEBUG ]   python-pylibmc | python-memcache python-termcolor python-watchdog
[ceph-server-2][DEBUG ]   python-werkzeug-doc
[ceph-server-2][DEBUG ] Recommended packages:
[ceph-server-2][DEBUG ]   chrony | time-daemon | ntp ceph-fuse ibverbs-providers javascript-common
[ceph-server-2][DEBUG ]   python-lxml | python-html5lib python-routes python-openid python-scgi
[ceph-server-2][DEBUG ]   python-pastescript python-lxml python-pyinotify
[ceph-server-2][DEBUG ] The following NEW packages will be installed:
[ceph-server-2][DEBUG ]   ceph ceph-base ceph-common ceph-mds ceph-mgr ceph-mon ceph-osd
[ceph-server-2][DEBUG ]   formencode-i18n libaio1 libbabeltrace1 libcephfs2 libdw1
[ceph-server-2][DEBUG ]   libgoogle-perftools4 libibverbs1 libjs-jquery libleveldb1v5 libnl-3-200
[ceph-server-2][DEBUG ]   libnl-route-3-200 libnspr4 libnss3 libpython2.7 librados2 libradosstriper1
[ceph-server-2][DEBUG ]   librbd1 librgw2 libsnappy1v5 libtcmalloc-minimal4 python-asn1crypto
[ceph-server-2][DEBUG ]   python-bs4 python-cephfs python-certifi python-cffi-backend python-chardet
[ceph-server-2][DEBUG ]   python-cherrypy3 python-cryptography python-dnspython python-enum34
[ceph-server-2][DEBUG ]   python-formencode python-idna python-ipaddress python-jinja2 python-logutils
[ceph-server-2][DEBUG ]   python-mako python-markupsafe python-openssl python-paste python-pastedeploy
[ceph-server-2][DEBUG ]   python-pastedeploy-tpl python-pecan python-pkg-resources python-prettytable
[ceph-server-2][DEBUG ]   python-rados python-rbd python-requests python-simplegeneric
[ceph-server-2][DEBUG ]   python-simplejson python-singledispatch python-six python-tempita
[ceph-server-2][DEBUG ]   python-urllib3 python-waitress python-webob python-webtest python-werkzeug
[ceph-server-2][DEBUG ]   radosgw
[ceph-server-2][DEBUG ] 0 upgraded, 65 newly installed, 0 to remove and 11 not upgraded.
[ceph-server-2][DEBUG ] Need to get 0 B/54.2 MB of archives.
[ceph-server-2][DEBUG ] After this operation, 215 MB of additional disk space will be used.
[ceph-server-2][DEBUG ] Selecting previously unselected package libnl-3-200:amd64.
(Reading database ... 66077 files and directories currently installed.)
[ceph-server-2][DEBUG ] Preparing to unpack .../00-libnl-3-200_3.2.29-0ubuntu3_amd64.deb ...
[ceph-server-2][DEBUG ] Unpacking libnl-3-200:amd64 (3.2.29-0ubuntu3) ...
[ceph-server-2][DEBUG ] Selecting previously unselected package libnl-route-3-200:amd64.
[ceph-server-2][DEBUG ] Preparing to unpack .../01-libnl-route-3-200_3.2.29-0ubuntu3_amd64.deb ...
[ceph-server-2][DEBUG ] Unpacking libnl-route-3-200:amd64 (3.2.29-0ubuntu3) ...
[ceph-server-2][DEBUG ] Selecting previously unselected package libibverbs1:amd64.
[ceph-server-2][DEBUG ] Preparing to unpack .../02-libibverbs1_17.1-1ubuntu0.1_amd64.deb ...
[ceph-server-2][DEBUG ] Unpacking libibverbs1:amd64 (17.1-1ubuntu0.1) ...
[ceph-server-2][DEBUG ] Selecting previously unselected package libnspr4:amd64.
[ceph-server-2][DEBUG ] Preparing to unpack .../03-libnspr4_2%3a4.18-1ubuntu1_amd64.deb ...
[ceph-server-2][DEBUG ] Unpacking libnspr4:amd64 (2:4.18-1ubuntu1) ...
[ceph-server-2][DEBUG ] Selecting previously unselected package libnss3:amd64.
[ceph-server-2][DEBUG ] Preparing to unpack .../04-libnss3_2%3a3.35-2ubuntu2.1_amd64.deb ...
[ceph-server-2][DEBUG ] Unpacking libnss3:amd64 (2:3.35-2ubuntu2.1) ...
[ceph-server-2][DEBUG ] Selecting previously unselected package librados2.
[ceph-server-2][DEBUG ] Preparing to unpack .../05-librados2_12.2.8-0ubuntu0.18.04.2_amd64.deb ...
[ceph-server-2][DEBUG ] Unpacking librados2 (12.2.8-0ubuntu0.18.04.2) ...
[ceph-server-2][DEBUG ] Selecting previously unselected package librbd1.
[ceph-server-2][DEBUG ] Preparing to unpack .../06-librbd1_12.2.8-0ubuntu0.18.04.2_amd64.deb ...
[ceph-server-2][DEBUG ] Unpacking librbd1 (12.2.8-0ubuntu0.18.04.2) ...
[ceph-server-2][DEBUG ] Selecting previously unselected package libcephfs2.
[ceph-server-2][DEBUG ] Preparing to unpack .../07-libcephfs2_12.2.8-0ubuntu0.18.04.2_amd64.deb ...
[ceph-server-2][DEBUG ] Unpacking libcephfs2 (12.2.8-0ubuntu0.18.04.2) ...
[ceph-server-2][DEBUG ] Selecting previously unselected package python-cephfs.
[ceph-server-2][DEBUG ] Preparing to unpack .../08-python-cephfs_12.2.8-0ubuntu0.18.04.2_amd64.deb ...
[ceph-server-2][DEBUG ] Unpacking python-cephfs (12.2.8-0ubuntu0.18.04.2) ...
[ceph-server-2][DEBUG ] Selecting previously unselected package python-prettytable.
[ceph-server-2][DEBUG ] Preparing to unpack .../09-python-prettytable_0.7.2-3_all.deb ...
[ceph-server-2][DEBUG ] Unpacking python-prettytable (0.7.2-3) ...
[ceph-server-2][DEBUG ] Selecting previously unselected package libpython2.7:amd64.
[ceph-server-2][DEBUG ] Preparing to unpack .../10-libpython2.7_2.7.15~rc1-1ubuntu0.1_amd64.deb ...
[ceph-server-2][DEBUG ] Unpacking libpython2.7:amd64 (2.7.15~rc1-1ubuntu0.1) ...
[ceph-server-2][DEBUG ] Selecting previously unselected package python-rados.
[ceph-server-2][DEBUG ] Preparing to unpack .../11-python-rados_12.2.8-0ubuntu0.18.04.2_amd64.deb ...
[ceph-server-2][DEBUG ] Unpacking python-rados (12.2.8-0ubuntu0.18.04.2) ...
[ceph-server-2][DEBUG ] Selecting previously unselected package python-rbd.
[ceph-server-2][DEBUG ] Preparing to unpack .../12-python-rbd_12.2.8-0ubuntu0.18.04.2_amd64.deb ...
[ceph-server-2][DEBUG ] Unpacking python-rbd (12.2.8-0ubuntu0.18.04.2) ...
[ceph-server-2][DEBUG ] Selecting previously unselected package python-certifi.
[ceph-server-2][DEBUG ] Preparing to unpack .../13-python-certifi_2018.1.18-2_all.deb ...
[ceph-server-2][DEBUG ] Unpacking python-certifi (2018.1.18-2) ...
[ceph-server-2][DEBUG ] Selecting previously unselected package python-pkg-resources.
[ceph-server-2][DEBUG ] Preparing to unpack .../14-python-pkg-resources_39.0.1-2_all.deb ...
[ceph-server-2][DEBUG ] Unpacking python-pkg-resources (39.0.1-2) ...
[ceph-server-2][DEBUG ] Selecting previously unselected package python-chardet.
[ceph-server-2][DEBUG ] Preparing to unpack .../15-python-chardet_3.0.4-1_all.deb ...
[ceph-server-2][DEBUG ] Unpacking python-chardet (3.0.4-1) ...
[ceph-server-2][DEBUG ] Selecting previously unselected package python-idna.
[ceph-server-2][DEBUG ] Preparing to unpack .../16-python-idna_2.6-1_all.deb ...
[ceph-server-2][DEBUG ] Unpacking python-idna (2.6-1) ...
[ceph-server-2][DEBUG ] Selecting previously unselected package python-six.
[ceph-server-2][DEBUG ] Preparing to unpack .../17-python-six_1.11.0-2_all.deb ...
[ceph-server-2][DEBUG ] Unpacking python-six (1.11.0-2) ...
[ceph-server-2][DEBUG ] Selecting previously unselected package python-urllib3.
[ceph-server-2][DEBUG ] Preparing to unpack .../18-python-urllib3_1.22-1_all.deb ...
[ceph-server-2][DEBUG ] Unpacking python-urllib3 (1.22-1) ...
[ceph-server-2][DEBUG ] Selecting previously unselected package python-requests.
[ceph-server-2][DEBUG ] Preparing to unpack .../19-python-requests_2.18.4-2ubuntu0.1_all.deb ...
[ceph-server-2][DEBUG ] Unpacking python-requests (2.18.4-2ubuntu0.1) ...
[ceph-server-2][DEBUG ] Selecting previously unselected package libdw1:amd64.
[ceph-server-2][DEBUG ] Preparing to unpack .../20-libdw1_0.170-0.4_amd64.deb ...
[ceph-server-2][DEBUG ] Unpacking libdw1:amd64 (0.170-0.4) ...
[ceph-server-2][DEBUG ] Selecting previously unselected package libbabeltrace1:amd64.
[ceph-server-2][DEBUG ] Preparing to unpack .../21-libbabeltrace1_1.5.5-1_amd64.deb ...
[ceph-server-2][DEBUG ] Unpacking libbabeltrace1:amd64 (1.5.5-1) ...
[ceph-server-2][DEBUG ] Selecting previously unselected package libtcmalloc-minimal4.
[ceph-server-2][DEBUG ] Preparing to unpack .../22-libtcmalloc-minimal4_2.5-2.2ubuntu3_amd64.deb ...
[ceph-server-2][DEBUG ] Unpacking libtcmalloc-minimal4 (2.5-2.2ubuntu3) ...
[ceph-server-2][DEBUG ] Selecting previously unselected package libgoogle-perftools4.
[ceph-server-2][DEBUG ] Preparing to unpack .../23-libgoogle-perftools4_2.5-2.2ubuntu3_amd64.deb ...
[ceph-server-2][DEBUG ] Unpacking libgoogle-perftools4 (2.5-2.2ubuntu3) ...
[ceph-server-2][DEBUG ] Selecting previously unselected package libradosstriper1.
[ceph-server-2][DEBUG ] Preparing to unpack .../24-libradosstriper1_12.2.8-0ubuntu0.18.04.2_amd64.deb ...
[ceph-server-2][DEBUG ] Unpacking libradosstriper1 (12.2.8-0ubuntu0.18.04.2) ...
[ceph-server-2][DEBUG ] Selecting previously unselected package libsnappy1v5:amd64.
[ceph-server-2][DEBUG ] Preparing to unpack .../25-libsnappy1v5_1.1.7-1_amd64.deb ...
[ceph-server-2][DEBUG ] Unpacking libsnappy1v5:amd64 (1.1.7-1) ...
[ceph-server-2][DEBUG ] Selecting previously unselected package ceph-common.
[ceph-server-2][DEBUG ] Preparing to unpack .../26-ceph-common_12.2.8-0ubuntu0.18.04.2_amd64.deb ...
[ceph-server-2][DEBUG ] Unpacking ceph-common (12.2.8-0ubuntu0.18.04.2) ...
[ceph-server-2][DEBUG ] Selecting previously unselected package ceph-base.
[ceph-server-2][DEBUG ] Preparing to unpack .../27-ceph-base_12.2.8-0ubuntu0.18.04.2_amd64.deb ...
[ceph-server-2][DEBUG ] Unpacking ceph-base (12.2.8-0ubuntu0.18.04.2) ...
[ceph-server-2][DEBUG ] Selecting previously unselected package libaio1:amd64.
[ceph-server-2][DEBUG ] Preparing to unpack .../28-libaio1_0.3.110-5_amd64.deb ...
[ceph-server-2][DEBUG ] Unpacking libaio1:amd64 (0.3.110-5) ...
[ceph-server-2][DEBUG ] Selecting previously unselected package libleveldb1v5:amd64.
[ceph-server-2][DEBUG ] Preparing to unpack .../29-libleveldb1v5_1.20-2_amd64.deb ...
[ceph-server-2][DEBUG ] Unpacking libleveldb1v5:amd64 (1.20-2) ...
[ceph-server-2][DEBUG ] Setting up libnl-3-200:amd64 (3.2.29-0ubuntu3) ...
[ceph-server-2][DEBUG ] Setting up libnl-route-3-200:amd64 (3.2.29-0ubuntu3) ...
[ceph-server-2][DEBUG ] Setting up libibverbs1:amd64 (17.1-1ubuntu0.1) ...
[ceph-server-2][DEBUG ] Setting up libnspr4:amd64 (2:4.18-1ubuntu1) ...
[ceph-server-2][DEBUG ] Setting up libnss3:amd64 (2:3.35-2ubuntu2.1) ...
[ceph-server-2][DEBUG ] Setting up librados2 (12.2.8-0ubuntu0.18.04.2) ...
[ceph-server-2][DEBUG ] Setting up librbd1 (12.2.8-0ubuntu0.18.04.2) ...
[ceph-server-2][DEBUG ] Setting up libcephfs2 (12.2.8-0ubuntu0.18.04.2) ...
[ceph-server-2][DEBUG ] Setting up python-cephfs (12.2.8-0ubuntu0.18.04.2) ...
[ceph-server-2][DEBUG ] Setting up python-prettytable (0.7.2-3) ...
[ceph-server-2][DEBUG ] Setting up libpython2.7:amd64 (2.7.15~rc1-1ubuntu0.1) ...
[ceph-server-2][DEBUG ] Setting up python-rados (12.2.8-0ubuntu0.18.04.2) ...
[ceph-server-2][DEBUG ] Setting up python-rbd (12.2.8-0ubuntu0.18.04.2) ...
[ceph-server-2][DEBUG ] Setting up python-certifi (2018.1.18-2) ...
[ceph-server-2][DEBUG ] Setting up python-pkg-resources (39.0.1-2) ...
[ceph-server-2][DEBUG ] Setting up python-chardet (3.0.4-1) ...
[ceph-server-2][DEBUG ] Setting up python-idna (2.6-1) ...
[ceph-server-2][DEBUG ] Setting up python-six (1.11.0-2) ...
[ceph-server-2][DEBUG ] Setting up python-urllib3 (1.22-1) ...
[ceph-server-2][DEBUG ] Setting up python-requests (2.18.4-2ubuntu0.1) ...
[ceph-server-2][DEBUG ] Setting up libdw1:amd64 (0.170-0.4) ...
[ceph-server-2][DEBUG ] Setting up libbabeltrace1:amd64 (1.5.5-1) ...
[ceph-server-2][DEBUG ] Setting up libtcmalloc-minimal4 (2.5-2.2ubuntu3) ...
[ceph-server-2][DEBUG ] Setting up libgoogle-perftools4 (2.5-2.2ubuntu3) ...
[ceph-server-2][DEBUG ] Setting up libradosstriper1 (12.2.8-0ubuntu0.18.04.2) ...
[ceph-server-2][DEBUG ] Setting up libsnappy1v5:amd64 (1.1.7-1) ...
[ceph-server-2][DEBUG ] Setting up ceph-common (12.2.8-0ubuntu0.18.04.2) ...
[ceph-server-2][DEBUG ] Created symlink /etc/systemd/system/multi-user.target.wants/ceph.target → /lib/systemd/system/ceph.target.
[ceph-server-2][DEBUG ] Selecting previously unselected package ceph-osd.
(Reading database ... 66670 files and directories currently installed.)
[ceph-server-2][DEBUG ] Preparing to unpack .../00-ceph-osd_12.2.8-0ubuntu0.18.04.2_amd64.deb ...
[ceph-server-2][DEBUG ] Unpacking ceph-osd (12.2.8-0ubuntu0.18.04.2) ...
[ceph-server-2][DEBUG ] Selecting previously unselected package python-cherrypy3.
[ceph-server-2][DEBUG ] Preparing to unpack .../01-python-cherrypy3_8.9.1-2_all.deb ...
[ceph-server-2][DEBUG ] Unpacking python-cherrypy3 (8.9.1-2) ...
[ceph-server-2][DEBUG ] Selecting previously unselected package python-markupsafe.
[ceph-server-2][DEBUG ] Preparing to unpack .../02-python-markupsafe_1.0-1build1_amd64.deb ...
[ceph-server-2][DEBUG ] Unpacking python-markupsafe (1.0-1build1) ...
[ceph-server-2][DEBUG ] Selecting previously unselected package python-jinja2.
[ceph-server-2][DEBUG ] Preparing to unpack .../03-python-jinja2_2.10-1_all.deb ...
[ceph-server-2][DEBUG ] Unpacking python-jinja2 (2.10-1) ...
[ceph-server-2][DEBUG ] Selecting previously unselected package python-asn1crypto.
[ceph-server-2][DEBUG ] Preparing to unpack .../04-python-asn1crypto_0.24.0-1_all.deb ...
[ceph-server-2][DEBUG ] Unpacking python-asn1crypto (0.24.0-1) ...
[ceph-server-2][DEBUG ] Selecting previously unselected package python-cffi-backend.
[ceph-server-2][DEBUG ] Preparing to unpack .../05-python-cffi-backend_1.11.5-1_amd64.deb ...
[ceph-server-2][DEBUG ] Unpacking python-cffi-backend (1.11.5-1) ...
[ceph-server-2][DEBUG ] Selecting previously unselected package python-enum34.
[ceph-server-2][DEBUG ] Preparing to unpack .../06-python-enum34_1.1.6-2_all.deb ...
[ceph-server-2][DEBUG ] Unpacking python-enum34 (1.1.6-2) ...
[ceph-server-2][DEBUG ] Selecting previously unselected package python-ipaddress.
[ceph-server-2][DEBUG ] Preparing to unpack .../07-python-ipaddress_1.0.17-1_all.deb ...
[ceph-server-2][DEBUG ] Unpacking python-ipaddress (1.0.17-1) ...
[ceph-server-2][DEBUG ] Selecting previously unselected package python-cryptography.
[ceph-server-2][DEBUG ] Preparing to unpack .../08-python-cryptography_2.1.4-1ubuntu1.2_amd64.deb ...
[ceph-server-2][DEBUG ] Unpacking python-cryptography (2.1.4-1ubuntu1.2) ...
[ceph-server-2][DEBUG ] Selecting previously unselected package python-openssl.
[ceph-server-2][DEBUG ] Preparing to unpack .../09-python-openssl_17.5.0-1ubuntu1_all.deb ...
[ceph-server-2][DEBUG ] Unpacking python-openssl (17.5.0-1ubuntu1) ...
[ceph-server-2][DEBUG ] Selecting previously unselected package python-logutils.
[ceph-server-2][DEBUG ] Preparing to unpack .../10-python-logutils_0.3.3-5_all.deb ...
[ceph-server-2][DEBUG ] Unpacking python-logutils (0.3.3-5) ...
[ceph-server-2][DEBUG ] Selecting previously unselected package python-mako.
[ceph-server-2][DEBUG ] Preparing to unpack .../11-python-mako_1.0.7+ds1-1_all.deb ...
[ceph-server-2][DEBUG ] Unpacking python-mako (1.0.7+ds1-1) ...
[ceph-server-2][DEBUG ] Selecting previously unselected package python-simplegeneric.
[ceph-server-2][DEBUG ] Preparing to unpack .../12-python-simplegeneric_0.8.1-1_all.deb ...
[ceph-server-2][DEBUG ] Unpacking python-simplegeneric (0.8.1-1) ...
[ceph-server-2][DEBUG ] Selecting previously unselected package python-singledispatch.
[ceph-server-2][DEBUG ] Preparing to unpack .../13-python-singledispatch_3.4.0.3-2_all.deb ...
[ceph-server-2][DEBUG ] Unpacking python-singledispatch (3.4.0.3-2) ...
[ceph-server-2][DEBUG ] Selecting previously unselected package python-simplejson.
[ceph-server-2][DEBUG ] Preparing to unpack .../14-python-simplejson_3.13.2-1_amd64.deb ...
[ceph-server-2][DEBUG ] Unpacking python-simplejson (3.13.2-1) ...
[ceph-server-2][DEBUG ] Selecting previously unselected package python-webob.
[ceph-server-2][DEBUG ] Preparing to unpack .../15-python-webob_1%3a1.7.3-2fakesync1_all.deb ...
[ceph-server-2][DEBUG ] Unpacking python-webob (1:1.7.3-2fakesync1) ...
[ceph-server-2][DEBUG ] Selecting previously unselected package python-bs4.
[ceph-server-2][DEBUG ] Preparing to unpack .../16-python-bs4_4.6.0-1_all.deb ...
[ceph-server-2][DEBUG ] Unpacking python-bs4 (4.6.0-1) ...
[ceph-server-2][DEBUG ] Selecting previously unselected package python-waitress.
[ceph-server-2][DEBUG ] Preparing to unpack .../17-python-waitress_1.0.1-1_all.deb ...
[ceph-server-2][DEBUG ] Unpacking python-waitress (1.0.1-1) ...
[ceph-server-2][DEBUG ] Selecting previously unselected package python-dnspython.
[ceph-server-2][DEBUG ] Preparing to unpack .../18-python-dnspython_1.15.0-1_all.deb ...
[ceph-server-2][DEBUG ] Unpacking python-dnspython (1.15.0-1) ...
[ceph-server-2][DEBUG ] Selecting previously unselected package formencode-i18n.
[ceph-server-2][DEBUG ] Preparing to unpack .../19-formencode-i18n_1.3.0-0ubuntu5_all.deb ...
[ceph-server-2][DEBUG ] Unpacking formencode-i18n (1.3.0-0ubuntu5) ...
[ceph-server-2][DEBUG ] Selecting previously unselected package python-formencode.
[ceph-server-2][DEBUG ] Preparing to unpack .../20-python-formencode_1.3.0-0ubuntu5_all.deb ...
[ceph-server-2][DEBUG ] Unpacking python-formencode (1.3.0-0ubuntu5) ...
[ceph-server-2][DEBUG ] Selecting previously unselected package python-tempita.
[ceph-server-2][DEBUG ] Preparing to unpack .../21-python-tempita_0.5.2-2_all.deb ...
[ceph-server-2][DEBUG ] Unpacking python-tempita (0.5.2-2) ...
[ceph-server-2][DEBUG ] Selecting previously unselected package python-paste.
[ceph-server-2][DEBUG ] Preparing to unpack .../22-python-paste_2.0.3+dfsg-4ubuntu1_all.deb ...
[ceph-server-2][DEBUG ] Unpacking python-paste (2.0.3+dfsg-4ubuntu1) ...
[ceph-server-2][DEBUG ] Selecting previously unselected package python-pastedeploy-tpl.
[ceph-server-2][DEBUG ] Preparing to unpack .../23-python-pastedeploy-tpl_1.5.2-4_all.deb ...
[ceph-server-2][DEBUG ] Unpacking python-pastedeploy-tpl (1.5.2-4) ...
[ceph-server-2][DEBUG ] Selecting previously unselected package python-pastedeploy.
[ceph-server-2][DEBUG ] Preparing to unpack .../24-python-pastedeploy_1.5.2-4_all.deb ...
[ceph-server-2][DEBUG ] Unpacking python-pastedeploy (1.5.2-4) ...
[ceph-server-2][DEBUG ] Selecting previously unselected package python-webtest.
[ceph-server-2][DEBUG ] Preparing to unpack .../25-python-webtest_2.0.28-1ubuntu1_all.deb ...
[ceph-server-2][DEBUG ] Unpacking python-webtest (2.0.28-1ubuntu1) ...
[ceph-server-2][DEBUG ] Selecting previously unselected package python-pecan.
[ceph-server-2][DEBUG ] Preparing to unpack .../26-python-pecan_1.2.1-2_all.deb ...
[ceph-server-2][DEBUG ] Unpacking python-pecan (1.2.1-2) ...
[ceph-server-2][DEBUG ] Selecting previously unselected package libjs-jquery.
[ceph-server-2][DEBUG ] Preparing to unpack .../27-libjs-jquery_3.2.1-1_all.deb ...
[ceph-server-2][DEBUG ] Unpacking libjs-jquery (3.2.1-1) ...
[ceph-server-2][DEBUG ] Selecting previously unselected package python-werkzeug.
[ceph-server-2][DEBUG ] Preparing to unpack .../28-python-werkzeug_0.14.1+dfsg1-1_all.deb ...
[ceph-server-2][DEBUG ] Unpacking python-werkzeug (0.14.1+dfsg1-1) ...
[ceph-server-2][DEBUG ] Selecting previously unselected package ceph-mgr.
[ceph-server-2][DEBUG ] Preparing to unpack .../29-ceph-mgr_12.2.8-0ubuntu0.18.04.2_amd64.deb ...
[ceph-server-2][DEBUG ] Unpacking ceph-mgr (12.2.8-0ubuntu0.18.04.2) ...
[ceph-server-2][DEBUG ] Selecting previously unselected package ceph-mon.
[ceph-server-2][DEBUG ] Preparing to unpack .../30-ceph-mon_12.2.8-0ubuntu0.18.04.2_amd64.deb ...
[ceph-server-2][DEBUG ] Unpacking ceph-mon (12.2.8-0ubuntu0.18.04.2) ...
[ceph-server-2][DEBUG ] Selecting previously unselected package ceph.
[ceph-server-2][DEBUG ] Preparing to unpack .../31-ceph_12.2.8-0ubuntu0.18.04.2_amd64.deb ...
[ceph-server-2][DEBUG ] Unpacking ceph (12.2.8-0ubuntu0.18.04.2) ...
[ceph-server-2][DEBUG ] Selecting previously unselected package ceph-mds.
[ceph-server-2][DEBUG ] Preparing to unpack .../32-ceph-mds_12.2.8-0ubuntu0.18.04.2_amd64.deb ...
[ceph-server-2][DEBUG ] Unpacking ceph-mds (12.2.8-0ubuntu0.18.04.2) ...
[ceph-server-2][DEBUG ] Selecting previously unselected package librgw2.
[ceph-server-2][DEBUG ] Preparing to unpack .../33-librgw2_12.2.8-0ubuntu0.18.04.2_amd64.deb ...
[ceph-server-2][DEBUG ] Unpacking librgw2 (12.2.8-0ubuntu0.18.04.2) ...
[ceph-server-2][DEBUG ] Selecting previously unselected package radosgw.
[ceph-server-2][DEBUG ] Preparing to unpack .../34-radosgw_12.2.8-0ubuntu0.18.04.2_amd64.deb ...
[ceph-server-2][DEBUG ] Unpacking radosgw (12.2.8-0ubuntu0.18.04.2) ...
[ceph-server-2][DEBUG ] Setting up python-dnspython (1.15.0-1) ...
[ceph-server-2][DEBUG ] Setting up python-simplejson (3.13.2-1) ...
[ceph-server-2][DEBUG ] Setting up libjs-jquery (3.2.1-1) ...
[ceph-server-2][DEBUG ] Setting up python-asn1crypto (0.24.0-1) ...
[ceph-server-2][DEBUG ] Setting up python-simplegeneric (0.8.1-1) ...
[ceph-server-2][DEBUG ] Processing triggers for ureadahead (0.100.0-20) ...
[ceph-server-2][DEBUG ] Setting up librgw2 (12.2.8-0ubuntu0.18.04.2) ...
[ceph-server-2][DEBUG ] Setting up formencode-i18n (1.3.0-0ubuntu5) ...
[ceph-server-2][DEBUG ] Setting up python-webob (1:1.7.3-2fakesync1) ...
[ceph-server-2][DEBUG ] Setting up python-waitress (1.0.1-1) ...
[ceph-server-2][DEBUG ] update-alternatives: using /usr/bin/waitress-serve-python2 to provide /usr/bin/waitress-serve (waitress-serve) in auto mode
[ceph-server-2][DEBUG ] Setting up libleveldb1v5:amd64 (1.20-2) ...
[ceph-server-2][DEBUG ] Setting up python-markupsafe (1.0-1build1) ...
[ceph-server-2][DEBUG ] Setting up python-werkzeug (0.14.1+dfsg1-1) ...
[ceph-server-2][DEBUG ] Setting up python-cffi-backend (1.11.5-1) ...
[ceph-server-2][DEBUG ] Processing triggers for libc-bin (2.27-3ubuntu1) ...
[ceph-server-2][DEBUG ] Setting up python-bs4 (4.6.0-1) ...
[ceph-server-2][DEBUG ] Setting up libaio1:amd64 (0.3.110-5) ...
[ceph-server-2][DEBUG ] Setting up ceph-base (12.2.8-0ubuntu0.18.04.2) ...
[ceph-server-2][DEBUG ] Setting up python-mako (1.0.7+ds1-1) ...
[ceph-server-2][DEBUG ] Setting up python-enum34 (1.1.6-2) ...
[ceph-server-2][DEBUG ] Processing triggers for systemd (237-3ubuntu10.13) ...
[ceph-server-2][DEBUG ] Processing triggers for man-db (2.8.3-2ubuntu0.1) ...
[ceph-server-2][DEBUG ] Setting up python-singledispatch (3.4.0.3-2) ...
[ceph-server-2][DEBUG ] Setting up python-pastedeploy-tpl (1.5.2-4) ...
[ceph-server-2][DEBUG ] Setting up python-tempita (0.5.2-2) ...
[ceph-server-2][DEBUG ] Setting up python-ipaddress (1.0.17-1) ...
[ceph-server-2][DEBUG ] Setting up python-cherrypy3 (8.9.1-2) ...
[ceph-server-2][DEBUG ] Setting up python-logutils (0.3.3-5) ...
[ceph-server-2][DEBUG ] Setting up radosgw (12.2.8-0ubuntu0.18.04.2) ...
[ceph-server-2][DEBUG ] Created symlink /etc/systemd/system/multi-user.target.wants/ceph-radosgw.target → /lib/systemd/system/ceph-radosgw.target.
[ceph-server-2][DEBUG ] Created symlink /etc/systemd/system/ceph.target.wants/ceph-radosgw.target → /lib/systemd/system/ceph-radosgw.target.
[ceph-server-2][DEBUG ] Setting up python-formencode (1.3.0-0ubuntu5) ...
[ceph-server-2][DEBUG ] Setting up ceph-osd (12.2.8-0ubuntu0.18.04.2) ...
[ceph-server-2][DEBUG ] Created symlink /etc/systemd/system/multi-user.target.wants/ceph-osd.target → /lib/systemd/system/ceph-osd.target.
[ceph-server-2][DEBUG ] Created symlink /etc/systemd/system/ceph.target.wants/ceph-osd.target → /lib/systemd/system/ceph-osd.target.
[ceph-server-2][DEBUG ] Setting up python-jinja2 (2.10-1) ...
[ceph-server-2][DEBUG ] Setting up python-paste (2.0.3+dfsg-4ubuntu1) ...
[ceph-server-2][DEBUG ] Setting up ceph-mon (12.2.8-0ubuntu0.18.04.2) ...
[ceph-server-2][DEBUG ] Created symlink /etc/systemd/system/multi-user.target.wants/ceph-mon.target → /lib/systemd/system/ceph-mon.target.
[ceph-server-2][DEBUG ] Created symlink /etc/systemd/system/ceph.target.wants/ceph-mon.target → /lib/systemd/system/ceph-mon.target.
[ceph-server-2][DEBUG ] Setting up python-cryptography (2.1.4-1ubuntu1.2) ...
[ceph-server-2][DEBUG ] Setting up python-openssl (17.5.0-1ubuntu1) ...
[ceph-server-2][DEBUG ] Setting up python-pastedeploy (1.5.2-4) ...
[ceph-server-2][DEBUG ] Setting up python-webtest (2.0.28-1ubuntu1) ...
[ceph-server-2][DEBUG ] Setting up python-pecan (1.2.1-2) ...
[ceph-server-2][DEBUG ] update-alternatives: using /usr/bin/python2-pecan to provide /usr/bin/pecan (pecan) in auto mode
[ceph-server-2][DEBUG ] update-alternatives: using /usr/bin/python2-gunicorn_pecan to provide /usr/bin/gunicorn_pecan (gunicorn_pecan) in auto mode
[ceph-server-2][DEBUG ] Setting up ceph-mgr (12.2.8-0ubuntu0.18.04.2) ...
[ceph-server-2][DEBUG ] Created symlink /etc/systemd/system/multi-user.target.wants/ceph-mgr.target → /lib/systemd/system/ceph-mgr.target.
[ceph-server-2][DEBUG ] Created symlink /etc/systemd/system/ceph.target.wants/ceph-mgr.target → /lib/systemd/system/ceph-mgr.target.
[ceph-server-2][DEBUG ] Setting up ceph (12.2.8-0ubuntu0.18.04.2) ...
[ceph-server-2][DEBUG ] Setting up ceph-mds (12.2.8-0ubuntu0.18.04.2) ...
[ceph-server-2][DEBUG ] Created symlink /etc/systemd/system/multi-user.target.wants/ceph-mds.target → /lib/systemd/system/ceph-mds.target.
[ceph-server-2][DEBUG ] Created symlink /etc/systemd/system/ceph.target.wants/ceph-mds.target → /lib/systemd/system/ceph-mds.target.
[ceph-server-2][DEBUG ] Processing triggers for libc-bin (2.27-3ubuntu1) ...
[ceph-server-2][DEBUG ] Processing triggers for ureadahead (0.100.0-20) ...
[ceph-server-2][DEBUG ] Processing triggers for systemd (237-3ubuntu10.13) ...
[ceph-server-2][INFO  ] Running command: sudo ceph --version
[ceph-server-2][DEBUG ] ceph version 12.2.8 (ae699615bac534ea496ee965ac6192cb7e0e07c0) luminous (stable)
[ceph_deploy.install][DEBUG ] Detecting platform for host ceph-server-3 ...
[ceph-server-3][DEBUG ] connection detected need for sudo
[ceph-server-3][DEBUG ] connected to host: ceph-server-3 
[ceph-server-3][DEBUG ] detect platform information from remote host
[ceph-server-3][DEBUG ] detect machine type
[ceph_deploy.install][INFO  ] Distro info: Ubuntu 18.04 bionic
[ceph-server-3][INFO  ] installing Ceph on ceph-server-3
[ceph-server-3][INFO  ] Running command: sudo env DEBIAN_FRONTEND=noninteractive DEBIAN_PRIORITY=critical apt-get --assume-yes -q --no-install-recommends install ca-certificates apt-transport-https
[ceph-server-3][DEBUG ] Reading package lists...
[ceph-server-3][DEBUG ] Building dependency tree...
[ceph-server-3][DEBUG ] Reading state information...
[ceph-server-3][DEBUG ] ca-certificates is already the newest version (20180409).
[ceph-server-3][DEBUG ] The following NEW packages will be installed:
[ceph-server-3][DEBUG ]   apt-transport-https
[ceph-server-3][DEBUG ] 0 upgraded, 1 newly installed, 0 to remove and 11 not upgraded.
[ceph-server-3][DEBUG ] Need to get 0 B/1692 B of archives.
[ceph-server-3][DEBUG ] After this operation, 153 kB of additional disk space will be used.
[ceph-server-3][DEBUG ] Selecting previously unselected package apt-transport-https.
(Reading database ... 66073 files and directories currently installed.)
[ceph-server-3][DEBUG ] Preparing to unpack .../apt-transport-https_1.6.8_all.deb ...
[ceph-server-3][DEBUG ] Unpacking apt-transport-https (1.6.8) ...
[ceph-server-3][DEBUG ] Setting up apt-transport-https (1.6.8) ...
[ceph-server-3][INFO  ] Running command: sudo env DEBIAN_FRONTEND=noninteractive DEBIAN_PRIORITY=critical apt-get --assume-yes -q update
[ceph-server-3][DEBUG ] Get:1 http://security.ubuntu.com/ubuntu bionic-security InRelease [88.7 kB]
[ceph-server-3][DEBUG ] Hit:2 http://archive.ubuntu.com/ubuntu bionic InRelease
[ceph-server-3][DEBUG ] Get:3 http://archive.ubuntu.com/ubuntu bionic-updates InRelease [88.7 kB]
[ceph-server-3][DEBUG ] Get:4 http://archive.ubuntu.com/ubuntu bionic-backports InRelease [74.6 kB]
[ceph-server-3][DEBUG ] Fetched 252 kB in 7s (35.1 kB/s)
[ceph-server-3][DEBUG ] Reading package lists...
[ceph-server-3][INFO  ] Running command: sudo env DEBIAN_FRONTEND=noninteractive DEBIAN_PRIORITY=critical apt-get --assume-yes -q --no-install-recommends install ceph ceph-osd ceph-mds ceph-mon radosgw
[ceph-server-3][DEBUG ] Reading package lists...
[ceph-server-3][DEBUG ] Building dependency tree...
[ceph-server-3][DEBUG ] Reading state information...
[ceph-server-3][DEBUG ] The following additional packages will be installed:
[ceph-server-3][DEBUG ]   ceph-base ceph-common ceph-mgr formencode-i18n libaio1 libbabeltrace1
[ceph-server-3][DEBUG ]   libcephfs2 libdw1 libgoogle-perftools4 libibverbs1 libjs-jquery
[ceph-server-3][DEBUG ]   libleveldb1v5 libnl-3-200 libnl-route-3-200 libnspr4 libnss3 libpython2.7
[ceph-server-3][DEBUG ]   librados2 libradosstriper1 librbd1 librgw2 libsnappy1v5 libtcmalloc-minimal4
[ceph-server-3][DEBUG ]   python-asn1crypto python-bs4 python-cephfs python-certifi
[ceph-server-3][DEBUG ]   python-cffi-backend python-chardet python-cherrypy3 python-cryptography
[ceph-server-3][DEBUG ]   python-dnspython python-enum34 python-formencode python-idna
[ceph-server-3][DEBUG ]   python-ipaddress python-jinja2 python-logutils python-mako python-markupsafe
[ceph-server-3][DEBUG ]   python-openssl python-paste python-pastedeploy python-pastedeploy-tpl
[ceph-server-3][DEBUG ]   python-pecan python-pkg-resources python-prettytable python-rados python-rbd
[ceph-server-3][DEBUG ]   python-requests python-simplegeneric python-simplejson python-singledispatch
[ceph-server-3][DEBUG ]   python-six python-tempita python-urllib3 python-waitress python-webob
[ceph-server-3][DEBUG ]   python-webtest python-werkzeug
[ceph-server-3][DEBUG ] Suggested packages:
[ceph-server-3][DEBUG ]   python-cryptography-doc python-cryptography-vectors python-enum34-doc
[ceph-server-3][DEBUG ]   python-egenix-mxdatetime python-jinja2-doc python-beaker python-mako-doc
[ceph-server-3][DEBUG ]   python-openssl-doc python-openssl-dbg httpd-wsgi libapache2-mod-python
[ceph-server-3][DEBUG ]   libapache2-mod-scgi libjs-mochikit python-pastescript python-pastewebkit
[ceph-server-3][DEBUG ]   python-pecan-doc python-setuptools python-socks python-ntlm
[ceph-server-3][DEBUG ]   python-waitress-doc python-webob-doc python-webtest-doc python-pyquery
[ceph-server-3][DEBUG ]   ipython python-genshi python-lxml python-greenlet python-redis
[ceph-server-3][DEBUG ]   python-pylibmc | python-memcache python-termcolor python-watchdog
[ceph-server-3][DEBUG ]   python-werkzeug-doc
[ceph-server-3][DEBUG ] Recommended packages:
[ceph-server-3][DEBUG ]   chrony | time-daemon | ntp ceph-fuse ibverbs-providers javascript-common
[ceph-server-3][DEBUG ]   python-lxml | python-html5lib python-routes python-openid python-scgi
[ceph-server-3][DEBUG ]   python-pastescript python-lxml python-pyinotify
[ceph-server-3][DEBUG ] The following NEW packages will be installed:
[ceph-server-3][DEBUG ]   ceph ceph-base ceph-common ceph-mds ceph-mgr ceph-mon ceph-osd
[ceph-server-3][DEBUG ]   formencode-i18n libaio1 libbabeltrace1 libcephfs2 libdw1
[ceph-server-3][DEBUG ]   libgoogle-perftools4 libibverbs1 libjs-jquery libleveldb1v5 libnl-3-200
[ceph-server-3][DEBUG ]   libnl-route-3-200 libnspr4 libnss3 libpython2.7 librados2 libradosstriper1
[ceph-server-3][DEBUG ]   librbd1 librgw2 libsnappy1v5 libtcmalloc-minimal4 python-asn1crypto
[ceph-server-3][DEBUG ]   python-bs4 python-cephfs python-certifi python-cffi-backend python-chardet
[ceph-server-3][DEBUG ]   python-cherrypy3 python-cryptography python-dnspython python-enum34
[ceph-server-3][DEBUG ]   python-formencode python-idna python-ipaddress python-jinja2 python-logutils
[ceph-server-3][DEBUG ]   python-mako python-markupsafe python-openssl python-paste python-pastedeploy
[ceph-server-3][DEBUG ]   python-pastedeploy-tpl python-pecan python-pkg-resources python-prettytable
[ceph-server-3][DEBUG ]   python-rados python-rbd python-requests python-simplegeneric
[ceph-server-3][DEBUG ]   python-simplejson python-singledispatch python-six python-tempita
[ceph-server-3][DEBUG ]   python-urllib3 python-waitress python-webob python-webtest python-werkzeug
[ceph-server-3][DEBUG ]   radosgw
[ceph-server-3][DEBUG ] 0 upgraded, 65 newly installed, 0 to remove and 11 not upgraded.
[ceph-server-3][DEBUG ] Need to get 0 B/54.2 MB of archives.
[ceph-server-3][DEBUG ] After this operation, 215 MB of additional disk space will be used.
[ceph-server-3][DEBUG ] Selecting previously unselected package libnl-3-200:amd64.
(Reading database ... 66077 files and directories currently installed.)
[ceph-server-3][DEBUG ] Preparing to unpack .../00-libnl-3-200_3.2.29-0ubuntu3_amd64.deb ...
[ceph-server-3][DEBUG ] Unpacking libnl-3-200:amd64 (3.2.29-0ubuntu3) ...
[ceph-server-3][DEBUG ] Selecting previously unselected package libnl-route-3-200:amd64.
[ceph-server-3][DEBUG ] Preparing to unpack .../01-libnl-route-3-200_3.2.29-0ubuntu3_amd64.deb ...
[ceph-server-3][DEBUG ] Unpacking libnl-route-3-200:amd64 (3.2.29-0ubuntu3) ...
[ceph-server-3][DEBUG ] Selecting previously unselected package libibverbs1:amd64.
[ceph-server-3][DEBUG ] Preparing to unpack .../02-libibverbs1_17.1-1ubuntu0.1_amd64.deb ...
[ceph-server-3][DEBUG ] Unpacking libibverbs1:amd64 (17.1-1ubuntu0.1) ...
[ceph-server-3][DEBUG ] Selecting previously unselected package libnspr4:amd64.
[ceph-server-3][DEBUG ] Preparing to unpack .../03-libnspr4_2%3a4.18-1ubuntu1_amd64.deb ...
[ceph-server-3][DEBUG ] Unpacking libnspr4:amd64 (2:4.18-1ubuntu1) ...
[ceph-server-3][DEBUG ] Selecting previously unselected package libnss3:amd64.
[ceph-server-3][DEBUG ] Preparing to unpack .../04-libnss3_2%3a3.35-2ubuntu2.1_amd64.deb ...
[ceph-server-3][DEBUG ] Unpacking libnss3:amd64 (2:3.35-2ubuntu2.1) ...
[ceph-server-3][DEBUG ] Selecting previously unselected package librados2.
[ceph-server-3][DEBUG ] Preparing to unpack .../05-librados2_12.2.8-0ubuntu0.18.04.2_amd64.deb ...
[ceph-server-3][DEBUG ] Unpacking librados2 (12.2.8-0ubuntu0.18.04.2) ...
